***** POCKET HUNTING BEGINS ***** 
mkdir: cannot create directory ‘../1a09/receptor/1a09_receptor_out/pockets’: File exists
***** POCKET HUNTING ENDS ***** 
***** POCKET HUNTING BEGINS ***** 
mkdir: cannot create directory ‘../1a09/receptor/1a09_receptor_qkprep_out/pockets’: File exists
***** POCKET HUNTING ENDS ***** 
***** POCKET HUNTING BEGINS ***** 
mkdir: cannot create directory ‘../1a54/receptor/1a54_receptor_out/pockets’: File exists
***** POCKET HUNTING ENDS ***** 
***** POCKET HUNTING BEGINS ***** 
mkdir: cannot create directory ‘../1a54/receptor/1a54_receptor_qkprep_out/pockets’: File exists
***** POCKET HUNTING ENDS ***** 
***** POCKET HUNTING BEGINS ***** 
mkdir: cannot create directory ‘../1aec/receptor/1aec_receptor_out/pockets’: File exists
***** POCKET HUNTING ENDS ***** 
***** POCKET HUNTING BEGINS ***** 
mkdir: cannot create directory ‘../1aec/receptor/1aec_receptor_qkprep_out/pockets’: File exists
***** POCKET HUNTING ENDS ***** 
***** POCKET HUNTING BEGINS ***** 
mkdir: cannot create directory ‘../1aim/receptor/1aim_receptor_out/pockets’: File exists
***** POCKET HUNTING ENDS ***** 
***** POCKET HUNTING BEGINS ***** 
mkdir: cannot create directory ‘../1aim/receptor/1aim_receptor_qkprep_out/pockets’: File exists
***** POCKET HUNTING ENDS ***** 
***** POCKET HUNTING BEGINS ***** 
mkdir: cannot create directory ‘../1aiq/receptor/1aiq_receptor_out/pockets’: File exists
***** POCKET HUNTING ENDS ***** 
***** POCKET HUNTING BEGINS ***** 
mkdir: cannot create directory ‘../1aiq/receptor/1aiq_receptor_qkprep_out/pockets’: File exists
***** POCKET HUNTING ENDS ***** 
***** POCKET HUNTING BEGINS ***** 
mkdir: cannot create directory ‘../1atk/receptor/1atk_receptor_out/pockets’: File exists
***** POCKET HUNTING ENDS ***** 
***** POCKET HUNTING BEGINS ***** 
mkdir: cannot create directory ‘../1atk/receptor/1atk_receptor_qkprep_out/pockets’: File exists
***** POCKET HUNTING ENDS ***** 
***** POCKET HUNTING BEGINS ***** 
mkdir: cannot create directory ‘../1au0/receptor/1au0_receptor_out/pockets’: File exists
***** POCKET HUNTING ENDS ***** 
***** POCKET HUNTING BEGINS ***** 
mkdir: cannot create directory ‘../1au0/receptor/1au0_receptor_qkprep_out/pockets’: File exists
***** POCKET HUNTING ENDS ***** 
***** POCKET HUNTING BEGINS ***** 
mkdir: cannot create directory ‘../1au2/receptor/1au2_receptor_out/pockets’: File exists
***** POCKET HUNTING ENDS ***** 
***** POCKET HUNTING BEGINS ***** 
mkdir: cannot create directory ‘../1au2/receptor/1au2_receptor_qkprep_out/pockets’: File exists
***** POCKET HUNTING ENDS ***** 
***** POCKET HUNTING BEGINS ***** 
mkdir: cannot create directory ‘../1au3/receptor/1au3_receptor_out/pockets’: File exists
***** POCKET HUNTING ENDS ***** 
***** POCKET HUNTING BEGINS ***** 
mkdir: cannot create directory ‘../1au3/receptor/1au3_receptor_qkprep_out/pockets’: File exists
***** POCKET HUNTING ENDS ***** 
***** POCKET HUNTING BEGINS ***** 
mkdir: cannot create directory ‘../1au4/receptor/1au4_receptor_out/pockets’: File exists
***** POCKET HUNTING ENDS ***** 
***** POCKET HUNTING BEGINS ***** 
mkdir: cannot create directory ‘../1au4/receptor/1au4_receptor_qkprep_out/pockets’: File exists
***** POCKET HUNTING ENDS ***** 
***** POCKET HUNTING BEGINS ***** 
mkdir: cannot create directory ‘../1ayu/receptor/1ayu_receptor_out/pockets’: File exists
***** POCKET HUNTING ENDS ***** 
***** POCKET HUNTING BEGINS ***** 
mkdir: cannot create directory ‘../1ayu/receptor/1ayu_receptor_qkprep_out/pockets’: File exists
***** POCKET HUNTING ENDS ***** 
***** POCKET HUNTING BEGINS ***** 
mkdir: cannot create directory ‘../1ayv/receptor/1ayv_receptor_out/pockets’: File exists
***** POCKET HUNTING ENDS ***** 
***** POCKET HUNTING BEGINS ***** 
mkdir: cannot create directory ‘../1ayv/receptor/1ayv_receptor_qkprep_out/pockets’: File exists
***** POCKET HUNTING ENDS ***** 
***** POCKET HUNTING BEGINS ***** 
mkdir: cannot create directory ‘../1ayw/receptor/1ayw_receptor_out/pockets’: File exists
***** POCKET HUNTING ENDS ***** 
***** POCKET HUNTING BEGINS ***** 
mkdir: cannot create directory ‘../1ayw/receptor/1ayw_receptor_qkprep_out/pockets’: File exists
***** POCKET HUNTING ENDS ***** 
***** POCKET HUNTING BEGINS ***** 
mkdir: cannot create directory ‘../1b3n/receptor/1b3n_receptor_out/pockets’: File exists
***** POCKET HUNTING ENDS ***** 
***** POCKET HUNTING BEGINS ***** 
mkdir: cannot create directory ‘../1b3n/receptor/1b3n_receptor_qkprep_out/pockets’: File exists
***** POCKET HUNTING ENDS ***** 
***** POCKET HUNTING BEGINS ***** 
mkdir: cannot create directory ‘../1b3o/receptor/1b3o_receptor_out/pockets’: File exists
***** POCKET HUNTING ENDS ***** 
***** POCKET HUNTING BEGINS ***** 
mkdir: cannot create directory ‘../1b3o/receptor/1b3o_receptor_qkprep_out/pockets’: File exists
***** POCKET HUNTING ENDS ***** 
***** POCKET HUNTING BEGINS ***** 
mkdir: cannot create directory ‘../1bgo/receptor/1bgo_receptor_out/pockets’: File exists
***** POCKET HUNTING ENDS ***** 
***** POCKET HUNTING BEGINS ***** 
mkdir: cannot create directory ‘../1bgo/receptor/1bgo_receptor_qkprep_out/pockets’: File exists
***** POCKET HUNTING ENDS ***** 
***** POCKET HUNTING BEGINS ***** 
mkdir: cannot create directory ‘../1bmq/receptor/1bmq_receptor_out/pockets’: File exists
***** POCKET HUNTING ENDS ***** 
***** POCKET HUNTING BEGINS ***** 
mkdir: cannot create directory ‘../1bmq/receptor/1bmq_receptor_qkprep_out/pockets’: File exists
***** POCKET HUNTING ENDS ***** 
***** POCKET HUNTING BEGINS ***** 
mkdir: cannot create directory ‘../1bq1/receptor/1bq1_receptor_out/pockets’: File exists
***** POCKET HUNTING ENDS ***** 
***** POCKET HUNTING BEGINS ***** 
mkdir: cannot create directory ‘../1bq1/receptor/1bq1_receptor_qkprep_out/pockets’: File exists
***** POCKET HUNTING ENDS ***** 
***** POCKET HUNTING BEGINS ***** 
mkdir: cannot create directory ‘../1bwc/receptor/1bwc_receptor_out/pockets’: File exists
***** POCKET HUNTING ENDS ***** 
***** POCKET HUNTING BEGINS ***** 
mkdir: cannot create directory ‘../1bwc/receptor/1bwc_receptor_qkprep_out/pockets’: File exists
***** POCKET HUNTING ENDS ***** 
***** POCKET HUNTING BEGINS ***** 
mkdir: cannot create directory ‘../1cmx/receptor/1cmx_receptor_out/pockets’: File exists
***** POCKET HUNTING ENDS ***** 
***** POCKET HUNTING BEGINS ***** 
mkdir: cannot create directory ‘../1cmx/receptor/1cmx_receptor_qkprep_out/pockets’: File exists
***** POCKET HUNTING ENDS ***** 
***** POCKET HUNTING BEGINS ***** 
mkdir: cannot create directory ‘../1cp3/receptor/1cp3_receptor_out/pockets’: File exists
***** POCKET HUNTING ENDS ***** 
***** POCKET HUNTING BEGINS ***** 
mkdir: cannot create directory ‘../1cp3/receptor/1cp3_receptor_qkprep_out/pockets’: File exists
***** POCKET HUNTING ENDS ***** 
***** POCKET HUNTING BEGINS ***** 
mkdir: cannot create directory ‘../1cqq/receptor/1cqq_receptor_out/pockets’: File exists
***** POCKET HUNTING ENDS ***** 
***** POCKET HUNTING BEGINS ***** 
mkdir: cannot create directory ‘../1cqq/receptor/1cqq_receptor_qkprep_out/pockets’: File exists
***** POCKET HUNTING ENDS ***** 
***** POCKET HUNTING BEGINS ***** 
mkdir: cannot create directory ‘../1cr5/receptor/1cr5_receptor_out/pockets’: File exists
***** POCKET HUNTING ENDS ***** 
***** POCKET HUNTING BEGINS ***** 
mkdir: cannot create directory ‘../1cr5/receptor/1cr5_receptor_qkprep_out/pockets’: File exists
***** POCKET HUNTING ENDS ***** 
***** POCKET HUNTING BEGINS ***** 
mkdir: cannot create directory ‘../1csb/receptor/1csb_receptor_out/pockets’: File exists
***** POCKET HUNTING ENDS ***** 
***** POCKET HUNTING BEGINS ***** 
mkdir: cannot create directory ‘../1csb/receptor/1csb_receptor_qkprep_out/pockets’: File exists
***** POCKET HUNTING ENDS ***** 
***** POCKET HUNTING BEGINS ***** 
mkdir: cannot create directory ‘../1cte/receptor/1cte_receptor_out/pockets’: File exists
***** POCKET HUNTING ENDS ***** 
***** POCKET HUNTING BEGINS ***** 
mkdir: cannot create directory ‘../1cte/receptor/1cte_receptor_qkprep_out/pockets’: File exists
***** POCKET HUNTING ENDS ***** 
***** POCKET HUNTING BEGINS ***** 
mkdir: cannot create directory ‘../1cv8/receptor/1cv8_receptor_out/pockets’: File exists
***** POCKET HUNTING ENDS ***** 
***** POCKET HUNTING BEGINS ***** 
mkdir: cannot create directory ‘../1cv8/receptor/1cv8_receptor_qkprep_out/pockets’: File exists
***** POCKET HUNTING ENDS ***** 
***** POCKET HUNTING BEGINS ***** 
mkdir: cannot create directory ‘../1cvr/receptor/1cvr_receptor_out/pockets’: File exists
***** POCKET HUNTING ENDS ***** 
***** POCKET HUNTING BEGINS ***** 
mkdir: cannot create directory ‘../1cvr/receptor/1cvr_receptor_qkprep_out/pockets’: File exists
***** POCKET HUNTING ENDS ***** 
***** POCKET HUNTING BEGINS ***** 
mkdir: cannot create directory ‘../1cvz/receptor/1cvz_receptor_out/pockets’: File exists
***** POCKET HUNTING ENDS ***** 
***** POCKET HUNTING BEGINS ***** 
mkdir: cannot create directory ‘../1cvz/receptor/1cvz_receptor_qkprep_out/pockets’: File exists
***** POCKET HUNTING ENDS ***** 
***** POCKET HUNTING BEGINS ***** 
mkdir: cannot create directory ‘../1dna/receptor/1dna_receptor_out/pockets’: File exists
***** POCKET HUNTING ENDS ***** 
***** POCKET HUNTING BEGINS ***** 
mkdir: cannot create directory ‘../1dna/receptor/1dna_receptor_qkprep_out/pockets’: File exists
***** POCKET HUNTING ENDS ***** 
***** POCKET HUNTING BEGINS ***** 
mkdir: cannot create directory ‘../1ecc/receptor/1ecc_receptor_out/pockets’: File exists
***** POCKET HUNTING ENDS ***** 
***** POCKET HUNTING BEGINS ***** 
mkdir: cannot create directory ‘../1ecc/receptor/1ecc_receptor_qkprep_out/pockets’: File exists
***** POCKET HUNTING ENDS ***** 
***** POCKET HUNTING BEGINS ***** 
mkdir: cannot create directory ‘../1ecg/receptor/1ecg_receptor_out/pockets’: File exists
***** POCKET HUNTING ENDS ***** 
***** POCKET HUNTING BEGINS ***** 
mkdir: cannot create directory ‘../1ecg/receptor/1ecg_receptor_qkprep_out/pockets’: File exists
***** POCKET HUNTING ENDS ***** 
***** POCKET HUNTING BEGINS ***** 
mkdir: cannot create directory ‘../1f1j/receptor/1f1j_receptor_out/pockets’: File exists
***** POCKET HUNTING ENDS ***** 
***** POCKET HUNTING BEGINS ***** 
mkdir: cannot create directory ‘../1f1j/receptor/1f1j_receptor_qkprep_out/pockets’: File exists
***** POCKET HUNTING ENDS ***** 
***** POCKET HUNTING BEGINS ***** 
mkdir: cannot create directory ‘../1f28/receptor/1f28_receptor_out/pockets’: File exists
***** POCKET HUNTING ENDS ***** 
***** POCKET HUNTING BEGINS ***** 
mkdir: cannot create directory ‘../1f28/receptor/1f28_receptor_qkprep_out/pockets’: File exists
***** POCKET HUNTING ENDS ***** 
***** POCKET HUNTING BEGINS ***** 
mkdir: cannot create directory ‘../1f29/receptor/1f29_receptor_out/pockets’: File exists
***** POCKET HUNTING ENDS ***** 
***** POCKET HUNTING BEGINS ***** 
mkdir: cannot create directory ‘../1f29/receptor/1f29_receptor_qkprep_out/pockets’: File exists
***** POCKET HUNTING ENDS ***** 
***** POCKET HUNTING BEGINS ***** 
mkdir: cannot create directory ‘../1f2a/receptor/1f2a_receptor_out/pockets’: File exists
***** POCKET HUNTING ENDS ***** 
***** POCKET HUNTING BEGINS ***** 
mkdir: cannot create directory ‘../1f2a/receptor/1f2a_receptor_qkprep_out/pockets’: File exists
***** POCKET HUNTING ENDS ***** 
***** POCKET HUNTING BEGINS ***** 
mkdir: cannot create directory ‘../1f2b/receptor/1f2b_receptor_out/pockets’: File exists
***** POCKET HUNTING ENDS ***** 
***** POCKET HUNTING BEGINS ***** 
mkdir: cannot create directory ‘../1f2b/receptor/1f2b_receptor_qkprep_out/pockets’: File exists
***** POCKET HUNTING ENDS ***** 
***** POCKET HUNTING BEGINS ***** 
mkdir: cannot create directory ‘../1f2c/receptor/1f2c_receptor_out/pockets’: File exists
***** POCKET HUNTING ENDS ***** 
***** POCKET HUNTING BEGINS ***** 
mkdir: cannot create directory ‘../1f2c/receptor/1f2c_receptor_qkprep_out/pockets’: File exists
***** POCKET HUNTING ENDS ***** 
***** POCKET HUNTING BEGINS ***** 
mkdir: cannot create directory ‘../1f4c/receptor/1f4c_receptor_out/pockets’: File exists
***** POCKET HUNTING ENDS ***** 
***** POCKET HUNTING BEGINS ***** 
mkdir: cannot create directory ‘../1f4c/receptor/1f4c_receptor_qkprep_out/pockets’: File exists
***** POCKET HUNTING ENDS ***** 
***** POCKET HUNTING BEGINS ***** 
mkdir: cannot create directory ‘../1f4d/receptor/1f4d_receptor_out/pockets’: File exists
***** POCKET HUNTING ENDS ***** 
***** POCKET HUNTING BEGINS ***** 
mkdir: cannot create directory ‘../1f4d/receptor/1f4d_receptor_qkprep_out/pockets’: File exists
***** POCKET HUNTING ENDS ***** 
***** POCKET HUNTING BEGINS ***** 
mkdir: cannot create directory ‘../1f8m/receptor/1f8m_receptor_out/pockets’: File exists
***** POCKET HUNTING ENDS ***** 
***** POCKET HUNTING BEGINS ***** 
mkdir: cannot create directory ‘../1f8m/receptor/1f8m_receptor_qkprep_out/pockets’: File exists
***** POCKET HUNTING ENDS ***** 
***** POCKET HUNTING BEGINS ***** 
mkdir: cannot create directory ‘../1f9e/receptor/1f9e_receptor_out/pockets’: File exists
***** POCKET HUNTING ENDS ***** 
***** POCKET HUNTING BEGINS ***** 
mkdir: cannot create directory ‘../1f9e/receptor/1f9e_receptor_qkprep_out/pockets’: File exists
***** POCKET HUNTING ENDS ***** 
***** POCKET HUNTING BEGINS ***** 
mkdir: cannot create directory ‘../1fh0/receptor/1fh0_receptor_out/pockets’: File exists
***** POCKET HUNTING ENDS ***** 
***** POCKET HUNTING BEGINS ***** 
mkdir: cannot create directory ‘../1fh0/receptor/1fh0_receptor_qkprep_out/pockets’: File exists
***** POCKET HUNTING ENDS ***** 
***** POCKET HUNTING BEGINS ***** 
mkdir: cannot create directory ‘../1fj8/receptor/1fj8_receptor_out/pockets’: File exists
***** POCKET HUNTING ENDS ***** 
***** POCKET HUNTING BEGINS ***** 
mkdir: cannot create directory ‘../1fj8/receptor/1fj8_receptor_qkprep_out/pockets’: File exists
***** POCKET HUNTING ENDS ***** 
***** POCKET HUNTING BEGINS ***** 
mkdir: cannot create directory ‘../1fjm/receptor/1fjm_receptor_out/pockets’: File exists
***** POCKET HUNTING ENDS ***** 
***** POCKET HUNTING BEGINS ***** 
mkdir: cannot create directory ‘../1fjm/receptor/1fjm_receptor_qkprep_out/pockets’: File exists
***** POCKET HUNTING ENDS ***** 
***** POCKET HUNTING BEGINS ***** 
mkdir: cannot create directory ‘../1fvg/receptor/1fvg_receptor_out/pockets’: File exists
***** POCKET HUNTING ENDS ***** 
***** POCKET HUNTING BEGINS ***** 
mkdir: cannot create directory ‘../1fvg/receptor/1fvg_receptor_qkprep_out/pockets’: File exists
***** POCKET HUNTING ENDS ***** 
***** POCKET HUNTING BEGINS ***** 
mkdir: cannot create directory ‘../1gec/receptor/1gec_receptor_out/pockets’: File exists
***** POCKET HUNTING ENDS ***** 
***** POCKET HUNTING BEGINS ***** 
mkdir: cannot create directory ‘../1gec/receptor/1gec_receptor_qkprep_out/pockets’: File exists
***** POCKET HUNTING ENDS ***** 
***** POCKET HUNTING BEGINS ***** 
mkdir: cannot create directory ‘../1gfw/receptor/1gfw_receptor_out/pockets’: File exists
***** POCKET HUNTING ENDS ***** 
***** POCKET HUNTING BEGINS ***** 
mkdir: cannot create directory ‘../1gfw/receptor/1gfw_receptor_qkprep_out/pockets’: File exists
***** POCKET HUNTING ENDS ***** 
***** POCKET HUNTING BEGINS ***** 
mkdir: cannot create directory ‘../1gmy/receptor/1gmy_receptor_out/pockets’: File exists
***** POCKET HUNTING ENDS ***** 
***** POCKET HUNTING BEGINS ***** 
mkdir: cannot create directory ‘../1gmy/receptor/1gmy_receptor_qkprep_out/pockets’: File exists
***** POCKET HUNTING ENDS ***** 
***** POCKET HUNTING BEGINS ***** 
mkdir: cannot create directory ‘../1grh/receptor/1grh_receptor_out/pockets’: File exists
***** POCKET HUNTING ENDS ***** 
***** POCKET HUNTING BEGINS ***** 
mkdir: cannot create directory ‘../1grh/receptor/1grh_receptor_qkprep_out/pockets’: File exists
***** POCKET HUNTING ENDS ***** 
***** POCKET HUNTING BEGINS ***** 
mkdir: cannot create directory ‘../1gsn/receptor/1gsn_receptor_out/pockets’: File exists
***** POCKET HUNTING ENDS ***** 
***** POCKET HUNTING BEGINS ***** 
mkdir: cannot create directory ‘../1gsn/receptor/1gsn_receptor_qkprep_out/pockets’: File exists
***** POCKET HUNTING ENDS ***** 
***** POCKET HUNTING BEGINS ***** 
mkdir: cannot create directory ‘../1gth/receptor/1gth_receptor_out/pockets’: File exists
***** POCKET HUNTING ENDS ***** 
***** POCKET HUNTING BEGINS ***** 
mkdir: cannot create directory ‘../1gth/receptor/1gth_receptor_qkprep_out/pockets’: File exists
***** POCKET HUNTING ENDS ***** 
***** POCKET HUNTING BEGINS ***** 
mkdir: cannot create directory ‘../1gxf/receptor/1gxf_receptor_out/pockets’: File exists
***** POCKET HUNTING ENDS ***** 
***** POCKET HUNTING BEGINS ***** 
mkdir: cannot create directory ‘../1gxf/receptor/1gxf_receptor_qkprep_out/pockets’: File exists
***** POCKET HUNTING ENDS ***** 
***** POCKET HUNTING BEGINS ***** 
mkdir: cannot create directory ‘../1hvy/receptor/1hvy_receptor_out/pockets’: File exists
***** POCKET HUNTING ENDS ***** 
***** POCKET HUNTING BEGINS ***** 
mkdir: cannot create directory ‘../1hvy/receptor/1hvy_receptor_qkprep_out/pockets’: File exists
***** POCKET HUNTING ENDS ***** 
***** POCKET HUNTING BEGINS ***** 
mkdir: cannot create directory ‘../1i5g/receptor/1i5g_receptor_out/pockets’: File exists
***** POCKET HUNTING ENDS ***** 
***** POCKET HUNTING BEGINS ***** 
mkdir: cannot create directory ‘../1i5g/receptor/1i5g_receptor_qkprep_out/pockets’: File exists
***** POCKET HUNTING ENDS ***** 
***** POCKET HUNTING BEGINS ***** 
mkdir: cannot create directory ‘../1ice/receptor/1ice_receptor_out/pockets’: File exists
***** POCKET HUNTING ENDS ***** 
***** POCKET HUNTING BEGINS ***** 
mkdir: cannot create directory ‘../1ice/receptor/1ice_receptor_qkprep_out/pockets’: File exists
***** POCKET HUNTING ENDS ***** 
***** POCKET HUNTING BEGINS ***** 
mkdir: cannot create directory ‘../1ito/receptor/1ito_receptor_out/pockets’: File exists
***** POCKET HUNTING ENDS ***** 
***** POCKET HUNTING BEGINS ***** 
mkdir: cannot create directory ‘../1ito/receptor/1ito_receptor_qkprep_out/pockets’: File exists
***** POCKET HUNTING ENDS ***** 
***** POCKET HUNTING BEGINS ***** 
mkdir: cannot create directory ‘../1jqw/receptor/1jqw_receptor_out/pockets’: File exists
***** POCKET HUNTING ENDS ***** 
***** POCKET HUNTING BEGINS ***** 
mkdir: cannot create directory ‘../1jqw/receptor/1jqw_receptor_qkprep_out/pockets’: File exists
***** POCKET HUNTING ENDS ***** 
***** POCKET HUNTING BEGINS ***** 
mkdir: cannot create directory ‘../1jr1/receptor/1jr1_receptor_out/pockets’: File exists
***** POCKET HUNTING ENDS ***** 
***** POCKET HUNTING BEGINS ***** 
mkdir: cannot create directory ‘../1jr1/receptor/1jr1_receptor_qkprep_out/pockets’: File exists
***** POCKET HUNTING ENDS ***** 
***** POCKET HUNTING BEGINS ***** 
mkdir: cannot create directory ‘../1jtq/receptor/1jtq_receptor_out/pockets’: File exists
***** POCKET HUNTING ENDS ***** 
***** POCKET HUNTING BEGINS ***** 
mkdir: cannot create directory ‘../1jtq/receptor/1jtq_receptor_qkprep_out/pockets’: File exists
***** POCKET HUNTING ENDS ***** 
***** POCKET HUNTING BEGINS ***** 
mkdir: cannot create directory ‘../1jtu/receptor/1jtu_receptor_out/pockets’: File exists
***** POCKET HUNTING ENDS ***** 
***** POCKET HUNTING BEGINS ***** 
mkdir: cannot create directory ‘../1jtu/receptor/1jtu_receptor_qkprep_out/pockets’: File exists
***** POCKET HUNTING ENDS ***** 
***** POCKET HUNTING BEGINS ***** 
mkdir: cannot create directory ‘../1ju6/receptor/1ju6_receptor_out/pockets’: File exists
***** POCKET HUNTING ENDS ***** 
***** POCKET HUNTING BEGINS ***** 
mkdir: cannot create directory ‘../1ju6/receptor/1ju6_receptor_qkprep_out/pockets’: File exists
***** POCKET HUNTING ENDS ***** 
***** POCKET HUNTING BEGINS ***** 
mkdir: cannot create directory ‘../1juj/receptor/1juj_receptor_out/pockets’: File exists
***** POCKET HUNTING ENDS ***** 
***** POCKET HUNTING BEGINS ***** 
mkdir: cannot create directory ‘../1juj/receptor/1juj_receptor_qkprep_out/pockets’: File exists
***** POCKET HUNTING ENDS ***** 
***** POCKET HUNTING BEGINS ***** 
mkdir: cannot create directory ‘../1jut/receptor/1jut_receptor_out/pockets’: File exists
***** POCKET HUNTING ENDS ***** 
***** POCKET HUNTING BEGINS ***** 
mkdir: cannot create directory ‘../1jut/receptor/1jut_receptor_qkprep_out/pockets’: File exists
***** POCKET HUNTING ENDS ***** 
***** POCKET HUNTING BEGINS ***** 
mkdir: cannot create directory ‘../1jvi/receptor/1jvi_receptor_out/pockets’: File exists
***** POCKET HUNTING ENDS ***** 
***** POCKET HUNTING BEGINS ***** 
mkdir: cannot create directory ‘../1jvi/receptor/1jvi_receptor_qkprep_out/pockets’: File exists
***** POCKET HUNTING ENDS ***** 
***** POCKET HUNTING BEGINS ***** 
mkdir: cannot create directory ‘../1jvl/receptor/1jvl_receptor_out/pockets’: File exists
***** POCKET HUNTING ENDS ***** 
***** POCKET HUNTING BEGINS ***** 
mkdir: cannot create directory ‘../1jvl/receptor/1jvl_receptor_qkprep_out/pockets’: File exists
***** POCKET HUNTING ENDS ***** 
***** POCKET HUNTING BEGINS ***** 
mkdir: cannot create directory ‘../1kce/receptor/1kce_receptor_out’: Permission denied
***** POCKET HUNTING ENDS ***** 
***** POCKET HUNTING BEGINS ***** 
mkdir: cannot create directory ‘../1kce/receptor/1kce_receptor_qkprep_out’: Permission denied
***** POCKET HUNTING ENDS ***** 
***** POCKET HUNTING BEGINS ***** 
mkdir: cannot create directory ‘../1khp/receptor/1khp_receptor_out’: Permission denied
***** POCKET HUNTING ENDS ***** 
***** POCKET HUNTING BEGINS ***** 
mkdir: cannot create directory ‘../1khp/receptor/1khp_receptor_qkprep_out’: Permission denied
***** POCKET HUNTING ENDS ***** 
***** POCKET HUNTING BEGINS ***** 
mkdir: cannot create directory ‘../1khq/receptor/1khq_receptor_out’: Permission denied
***** POCKET HUNTING ENDS ***** 
***** POCKET HUNTING BEGINS ***** 
mkdir: cannot create directory ‘../1khq/receptor/1khq_receptor_qkprep_out’: Permission denied
***** POCKET HUNTING ENDS ***** 
***** POCKET HUNTING BEGINS ***** 
mkdir: cannot create directory ‘../1kwo/receptor/1kwo_receptor_out’: Permission denied
***** POCKET HUNTING ENDS ***** 
***** POCKET HUNTING BEGINS ***** 
mkdir: cannot create directory ‘../1kwo/receptor/1kwo_receptor_qkprep_out’: Permission denied
***** POCKET HUNTING ENDS ***** 
***** POCKET HUNTING BEGINS ***** 
mkdir: cannot create directory ‘../1kzi/receptor/1kzi_receptor_out’: Permission denied
***** POCKET HUNTING ENDS ***** 
***** POCKET HUNTING BEGINS ***** 
mkdir: cannot create directory ‘../1kzi/receptor/1kzi_receptor_qkprep_out’: Permission denied
***** POCKET HUNTING ENDS ***** 
***** POCKET HUNTING BEGINS ***** 
mkdir: cannot create directory ‘../1kzj/receptor/1kzj_receptor_out’: Permission denied
***** POCKET HUNTING ENDS ***** 
***** POCKET HUNTING BEGINS ***** 
mkdir: cannot create directory ‘../1kzj/receptor/1kzj_receptor_qkprep_out’: Permission denied
***** POCKET HUNTING ENDS ***** 
***** POCKET HUNTING BEGINS ***** 
mkdir: cannot create directory ‘../1l2o/receptor/1l2o_receptor_out’: Permission denied
***** POCKET HUNTING ENDS ***** 
***** POCKET HUNTING BEGINS ***** 
mkdir: cannot create directory ‘../1l2o/receptor/1l2o_receptor_qkprep_out’: Permission denied
***** POCKET HUNTING ENDS ***** 
***** POCKET HUNTING BEGINS ***** 
mkdir: cannot create directory ‘../1lxy/receptor/1lxy_receptor_out’: Permission denied
***** POCKET HUNTING ENDS ***** 
***** POCKET HUNTING BEGINS ***** 
mkdir: cannot create directory ‘../1lxy/receptor/1lxy_receptor_qkprep_out’: Permission denied
***** POCKET HUNTING ENDS ***** 
***** POCKET HUNTING BEGINS ***** 
mkdir: cannot create directory ‘../1m4a/receptor/1m4a_receptor_out’: Permission denied
***** POCKET HUNTING ENDS ***** 
***** POCKET HUNTING BEGINS ***** 
mkdir: cannot create directory ‘../1m4a/receptor/1m4a_receptor_qkprep_out’: Permission denied
***** POCKET HUNTING ENDS ***** 
***** POCKET HUNTING BEGINS ***** 
mkdir: cannot create directory ‘../1m4b/receptor/1m4b_receptor_out’: Permission denied
***** POCKET HUNTING ENDS ***** 
***** POCKET HUNTING BEGINS ***** 
mkdir: cannot create directory ‘../1m4b/receptor/1m4b_receptor_qkprep_out’: Permission denied
***** POCKET HUNTING ENDS ***** 
***** POCKET HUNTING BEGINS ***** 
mkdir: cannot create directory ‘../1m6d/receptor/1m6d_receptor_out’: Permission denied
***** POCKET HUNTING ENDS ***** 
***** POCKET HUNTING BEGINS ***** 
mkdir: cannot create directory ‘../1m6d/receptor/1m6d_receptor_qkprep_out’: Permission denied
***** POCKET HUNTING ENDS ***** 
***** POCKET HUNTING BEGINS ***** 
mkdir: cannot create directory ‘../1m72/receptor/1m72_receptor_out’: Permission denied
***** POCKET HUNTING ENDS ***** 
***** POCKET HUNTING BEGINS ***** 
mkdir: cannot create directory ‘../1m72/receptor/1m72_receptor_qkprep_out’: Permission denied
***** POCKET HUNTING ENDS ***** 
***** POCKET HUNTING BEGINS ***** 
mkdir: cannot create directory ‘../1meg/receptor/1meg_receptor_out’: Permission denied
***** POCKET HUNTING ENDS ***** 
***** POCKET HUNTING BEGINS ***** 
mkdir: cannot create directory ‘../1meg/receptor/1meg_receptor_qkprep_out’: Permission denied
***** POCKET HUNTING ENDS ***** 
***** POCKET HUNTING BEGINS ***** 
mkdir: cannot create directory ‘../1mem/receptor/1mem_receptor_out’: Permission denied
***** POCKET HUNTING ENDS ***** 
***** POCKET HUNTING BEGINS ***** 
mkdir: cannot create directory ‘../1mem/receptor/1mem_receptor_qkprep_out’: Permission denied
***** POCKET HUNTING ENDS ***** 
***** POCKET HUNTING BEGINS ***** 
mkdir: cannot create directory ‘../1ml3/receptor/1ml3_receptor_out’: Permission denied
***** POCKET HUNTING ENDS ***** 
***** POCKET HUNTING BEGINS ***** 
mkdir: cannot create directory ‘../1ml3/receptor/1ml3_receptor_qkprep_out’: Permission denied
***** POCKET HUNTING ENDS ***** 
***** POCKET HUNTING BEGINS ***** 
mkdir: cannot create directory ‘../1ms6/receptor/1ms6_receptor_out’: Permission denied
***** POCKET HUNTING ENDS ***** 
***** POCKET HUNTING BEGINS ***** 
mkdir: cannot create directory ‘../1ms6/receptor/1ms6_receptor_qkprep_out’: Permission denied
***** POCKET HUNTING ENDS ***** 
***** POCKET HUNTING BEGINS ***** 
mkdir: cannot create directory ‘../1nbf/receptor/1nbf_receptor_out’: Permission denied
***** POCKET HUNTING ENDS ***** 
***** POCKET HUNTING BEGINS ***** 
mkdir: cannot create directory ‘../1nbf/receptor/1nbf_receptor_qkprep_out’: Permission denied
***** POCKET HUNTING ENDS ***** 
***** POCKET HUNTING BEGINS ***** 
mkdir: cannot create directory ‘../1nbp/receptor/1nbp_receptor_out’: Permission denied
***** POCKET HUNTING ENDS ***** 
***** POCKET HUNTING BEGINS ***** 
mkdir: cannot create directory ‘../1nbp/receptor/1nbp_receptor_qkprep_out’: Permission denied
***** POCKET HUNTING ENDS ***** 
***** POCKET HUNTING BEGINS ***** 
mkdir: cannot create directory ‘../1nce/receptor/1nce_receptor_out’: Permission denied
***** POCKET HUNTING ENDS ***** 
***** POCKET HUNTING BEGINS ***** 
mkdir: cannot create directory ‘../1nce/receptor/1nce_receptor_qkprep_out’: Permission denied
***** POCKET HUNTING ENDS ***** 
***** POCKET HUNTING BEGINS ***** 
mkdir: cannot create directory ‘../1nfz/receptor/1nfz_receptor_out’: Permission denied
***** POCKET HUNTING ENDS ***** 
***** POCKET HUNTING BEGINS ***** 
mkdir: cannot create directory ‘../1nfz/receptor/1nfz_receptor_qkprep_out’: Permission denied
***** POCKET HUNTING ENDS ***** 
***** POCKET HUNTING BEGINS ***** 
mkdir: cannot create directory ‘../1nl6/receptor/1nl6_receptor_out’: Permission denied
***** POCKET HUNTING ENDS ***** 
***** POCKET HUNTING BEGINS ***** 
mkdir: cannot create directory ‘../1nl6/receptor/1nl6_receptor_qkprep_out’: Permission denied
***** POCKET HUNTING ENDS ***** 
***** POCKET HUNTING BEGINS ***** 
mkdir: cannot create directory ‘../1nlj/receptor/1nlj_receptor_out’: Permission denied
***** POCKET HUNTING ENDS ***** 
***** POCKET HUNTING BEGINS ***** 
mkdir: cannot create directory ‘../1nlj/receptor/1nlj_receptor_qkprep_out’: Permission denied
***** POCKET HUNTING ENDS ***** 
***** POCKET HUNTING BEGINS ***** 
mkdir: cannot create directory ‘../1nme/receptor/1nme_receptor_out’: Permission denied
***** POCKET HUNTING ENDS ***** 
***** POCKET HUNTING BEGINS ***** 
mkdir: cannot create directory ‘../1nme/receptor/1nme_receptor_qkprep_out’: Permission denied
***** POCKET HUNTING ENDS ***** 
***** POCKET HUNTING BEGINS ***** 
mkdir: cannot create directory ‘../1nmq/receptor/1nmq_receptor_out’: Permission denied
***** POCKET HUNTING ENDS ***** 
***** POCKET HUNTING BEGINS ***** 
mkdir: cannot create directory ‘../1nmq/receptor/1nmq_receptor_qkprep_out’: Permission denied
***** POCKET HUNTING ENDS ***** 
***** POCKET HUNTING BEGINS ***** 
mkdir: cannot create directory ‘../1nms/receptor/1nms_receptor_out’: Permission denied
***** POCKET HUNTING ENDS ***** 
***** POCKET HUNTING BEGINS ***** 
mkdir: cannot create directory ‘../1nms/receptor/1nms_receptor_qkprep_out’: Permission denied
***** POCKET HUNTING ENDS ***** 
***** POCKET HUNTING BEGINS ***** 
mkdir: cannot create directory ‘../1npz/receptor/1npz_receptor_out’: Permission denied
***** POCKET HUNTING ENDS ***** 
***** POCKET HUNTING BEGINS ***** 
mkdir: cannot create directory ‘../1npz/receptor/1npz_receptor_qkprep_out’: Permission denied
***** POCKET HUNTING ENDS ***** 
***** POCKET HUNTING BEGINS ***** 
mkdir: cannot create directory ‘../1nqc/receptor/1nqc_receptor_out’: Permission denied
***** POCKET HUNTING ENDS ***** 
***** POCKET HUNTING BEGINS ***** 
mkdir: cannot create directory ‘../1nqc/receptor/1nqc_receptor_qkprep_out’: Permission denied
***** POCKET HUNTING ENDS ***** 
***** POCKET HUNTING BEGINS ***** 
mkdir: cannot create directory ‘../1nwe/receptor/1nwe_receptor_out’: Permission denied
***** POCKET HUNTING ENDS ***** 
***** POCKET HUNTING BEGINS ***** 
mkdir: cannot create directory ‘../1nwe/receptor/1nwe_receptor_qkprep_out’: Permission denied
***** POCKET HUNTING ENDS ***** 
***** POCKET HUNTING BEGINS ***** 
mkdir: cannot create directory ‘../1o41/receptor/1o41_receptor_out’: Permission denied
***** POCKET HUNTING ENDS ***** 
***** POCKET HUNTING BEGINS ***** 
mkdir: cannot create directory ‘../1o41/receptor/1o41_receptor_qkprep_out’: Permission denied
***** POCKET HUNTING ENDS ***** 
***** POCKET HUNTING BEGINS ***** 
mkdir: cannot create directory ‘../1o43/receptor/1o43_receptor_out’: Permission denied
***** POCKET HUNTING ENDS ***** 
***** POCKET HUNTING BEGINS ***** 
mkdir: cannot create directory ‘../1o43/receptor/1o43_receptor_qkprep_out’: Permission denied
***** POCKET HUNTING ENDS ***** 
***** POCKET HUNTING BEGINS ***** 
mkdir: cannot create directory ‘../1o45/receptor/1o45_receptor_out’: Permission denied
***** POCKET HUNTING ENDS ***** 
***** POCKET HUNTING BEGINS ***** 
mkdir: cannot create directory ‘../1o45/receptor/1o45_receptor_qkprep_out’: Permission denied
***** POCKET HUNTING ENDS ***** 
***** POCKET HUNTING BEGINS ***** 
mkdir: cannot create directory ‘../1o4a/receptor/1o4a_receptor_out’: Permission denied
***** POCKET HUNTING ENDS ***** 
***** POCKET HUNTING BEGINS ***** 
mkdir: cannot create directory ‘../1o4a/receptor/1o4a_receptor_qkprep_out’: Permission denied
***** POCKET HUNTING ENDS ***** 
***** POCKET HUNTING BEGINS ***** 
mkdir: cannot create directory ‘../1o4d/receptor/1o4d_receptor_out’: Permission denied
***** POCKET HUNTING ENDS ***** 
***** POCKET HUNTING BEGINS ***** 
mkdir: cannot create directory ‘../1o4d/receptor/1o4d_receptor_qkprep_out’: Permission denied
***** POCKET HUNTING ENDS ***** 
***** POCKET HUNTING BEGINS ***** 
mkdir: cannot create directory ‘../1o4e/receptor/1o4e_receptor_out’: Permission denied
***** POCKET HUNTING ENDS ***** 
***** POCKET HUNTING BEGINS ***** 
mkdir: cannot create directory ‘../1o4e/receptor/1o4e_receptor_qkprep_out’: Permission denied
***** POCKET HUNTING ENDS ***** 
***** POCKET HUNTING BEGINS ***** 
mkdir: cannot create directory ‘../1o4i/receptor/1o4i_receptor_out’: Permission denied
***** POCKET HUNTING ENDS ***** 
***** POCKET HUNTING BEGINS ***** 
mkdir: cannot create directory ‘../1o4i/receptor/1o4i_receptor_qkprep_out’: Permission denied
***** POCKET HUNTING ENDS ***** 
***** POCKET HUNTING BEGINS ***** 
mkdir: cannot create directory ‘../1o4k/receptor/1o4k_receptor_out’: Permission denied
***** POCKET HUNTING ENDS ***** 
***** POCKET HUNTING BEGINS ***** 
mkdir: cannot create directory ‘../1o4k/receptor/1o4k_receptor_qkprep_out’: Permission denied
***** POCKET HUNTING ENDS ***** 
***** POCKET HUNTING BEGINS ***** 
mkdir: cannot create directory ‘../1ofe/receptor/1ofe_receptor_out’: Permission denied
***** POCKET HUNTING ENDS ***** 
***** POCKET HUNTING BEGINS ***** 
mkdir: cannot create directory ‘../1ofe/receptor/1ofe_receptor_qkprep_out’: Permission denied
***** POCKET HUNTING ENDS ***** 
***** POCKET HUNTING BEGINS ***** 
mkdir: cannot create directory ‘../1p9u/receptor/1p9u_receptor_out’: Permission denied
***** POCKET HUNTING ENDS ***** 
***** POCKET HUNTING BEGINS ***** 
mkdir: cannot create directory ‘../1p9u/receptor/1p9u_receptor_qkprep_out’: Permission denied
***** POCKET HUNTING ENDS ***** 
***** POCKET HUNTING BEGINS ***** 
mkdir: cannot create directory ‘../1pad/receptor/1pad_receptor_out’: Permission denied
***** POCKET HUNTING ENDS ***** 
***** POCKET HUNTING BEGINS ***** 
mkdir: cannot create directory ‘../1pad/receptor/1pad_receptor_qkprep_out’: Permission denied
***** POCKET HUNTING ENDS ***** 
***** POCKET HUNTING BEGINS ***** 
mkdir: cannot create directory ‘../1pau/receptor/1pau_receptor_out’: Permission denied
***** POCKET HUNTING ENDS ***** 
***** POCKET HUNTING BEGINS ***** 
mkdir: cannot create directory ‘../1pau/receptor/1pau_receptor_qkprep_out’: Permission denied
***** POCKET HUNTING ENDS ***** 
***** POCKET HUNTING BEGINS ***** 
mkdir: cannot create directory ‘../1pe6/receptor/1pe6_receptor_out’: Permission denied
***** POCKET HUNTING ENDS ***** 
***** POCKET HUNTING BEGINS ***** 
mkdir: cannot create directory ‘../1pe6/receptor/1pe6_receptor_qkprep_out’: Permission denied
***** POCKET HUNTING ENDS ***** 
***** POCKET HUNTING BEGINS ***** 
mkdir: cannot create directory ‘../1ppp/receptor/1ppp_receptor_out’: Permission denied
***** POCKET HUNTING ENDS ***** 
***** POCKET HUNTING BEGINS ***** 
mkdir: cannot create directory ‘../1ppp/receptor/1ppp_receptor_qkprep_out’: Permission denied
***** POCKET HUNTING ENDS ***** 
***** POCKET HUNTING BEGINS ***** 
mkdir: cannot create directory ‘../1ppv/receptor/1ppv_receptor_out’: Permission denied
***** POCKET HUNTING ENDS ***** 
***** POCKET HUNTING BEGINS ***** 
mkdir: cannot create directory ‘../1ppv/receptor/1ppv_receptor_qkprep_out’: Permission denied
***** POCKET HUNTING ENDS ***** 
***** POCKET HUNTING BEGINS ***** 
mkdir: cannot create directory ‘../1py0/receptor/1py0_receptor_out’: Permission denied
***** POCKET HUNTING ENDS ***** 
***** POCKET HUNTING BEGINS ***** 
mkdir: cannot create directory ‘../1py0/receptor/1py0_receptor_qkprep_out’: Permission denied
***** POCKET HUNTING ENDS ***** 
***** POCKET HUNTING BEGINS ***** 
mkdir: cannot create directory ‘../1pyo/receptor/1pyo_receptor_out’: Permission denied
***** POCKET HUNTING ENDS ***** 
***** POCKET HUNTING BEGINS ***** 
mkdir: cannot create directory ‘../1pyo/receptor/1pyo_receptor_qkprep_out’: Permission denied
***** POCKET HUNTING ENDS ***** 
***** POCKET HUNTING BEGINS ***** 
mkdir: cannot create directory ‘../1q6k/receptor/1q6k_receptor_out’: Permission denied
***** POCKET HUNTING ENDS ***** 
***** POCKET HUNTING BEGINS ***** 
mkdir: cannot create directory ‘../1q6k/receptor/1q6k_receptor_qkprep_out’: Permission denied
***** POCKET HUNTING ENDS ***** 
***** POCKET HUNTING BEGINS ***** 
mkdir: cannot create directory ‘../1qa7/receptor/1qa7_receptor_out’: Permission denied
***** POCKET HUNTING ENDS ***** 
***** POCKET HUNTING BEGINS ***** 
mkdir: cannot create directory ‘../1qa7/receptor/1qa7_receptor_qkprep_out’: Permission denied
***** POCKET HUNTING ENDS ***** 
***** POCKET HUNTING BEGINS ***** 
mkdir: cannot create directory ‘../1qdq/receptor/1qdq_receptor_out’: Permission denied
***** POCKET HUNTING ENDS ***** 
***** POCKET HUNTING BEGINS ***** 
mkdir: cannot create directory ‘../1qdq/receptor/1qdq_receptor_qkprep_out’: Permission denied
***** POCKET HUNTING ENDS ***** 
***** POCKET HUNTING BEGINS ***** 
mkdir: cannot create directory ‘../1qdu/receptor/1qdu_receptor_out’: Permission denied
***** POCKET HUNTING ENDS ***** 
***** POCKET HUNTING BEGINS ***** 
mkdir: cannot create directory ‘../1qdu/receptor/1qdu_receptor_qkprep_out’: Permission denied
***** POCKET HUNTING ENDS ***** 
***** POCKET HUNTING BEGINS ***** 
mkdir: cannot create directory ‘../1qtn/receptor/1qtn_receptor_out’: Permission denied
***** POCKET HUNTING ENDS ***** 
***** POCKET HUNTING BEGINS ***** 
mkdir: cannot create directory ‘../1qtn/receptor/1qtn_receptor_qkprep_out’: Permission denied
***** POCKET HUNTING ENDS ***** 
***** POCKET HUNTING BEGINS ***** 
mkdir: cannot create directory ‘../1qwz/receptor/1qwz_receptor_out’: Permission denied
***** POCKET HUNTING ENDS ***** 
***** POCKET HUNTING BEGINS ***** 
mkdir: cannot create directory ‘../1qwz/receptor/1qwz_receptor_qkprep_out’: Permission denied
***** POCKET HUNTING ENDS ***** 
***** POCKET HUNTING BEGINS ***** 
mkdir: cannot create directory ‘../1qx6/receptor/1qx6_receptor_out’: Permission denied
***** POCKET HUNTING ENDS ***** 
***** POCKET HUNTING BEGINS ***** 
mkdir: cannot create directory ‘../1qx6/receptor/1qx6_receptor_qkprep_out’: Permission denied
***** POCKET HUNTING ENDS ***** 
***** POCKET HUNTING BEGINS ***** 
mkdir: cannot create directory ‘../1qxa/receptor/1qxa_receptor_out’: Permission denied
***** POCKET HUNTING ENDS ***** 
***** POCKET HUNTING BEGINS ***** 
mkdir: cannot create directory ‘../1qxa/receptor/1qxa_receptor_qkprep_out’: Permission denied
***** POCKET HUNTING ENDS ***** 
***** POCKET HUNTING BEGINS ***** 
mkdir: cannot create directory ‘../1re1/receptor/1re1_receptor_out’: Permission denied
***** POCKET HUNTING ENDS ***** 
***** POCKET HUNTING BEGINS ***** 
mkdir: cannot create directory ‘../1re1/receptor/1re1_receptor_qkprep_out’: Permission denied
***** POCKET HUNTING ENDS ***** 
***** POCKET HUNTING BEGINS ***** 
mkdir: cannot create directory ‘../1rhj/receptor/1rhj_receptor_out’: Permission denied
***** POCKET HUNTING ENDS ***** 
***** POCKET HUNTING BEGINS ***** 
mkdir: cannot create directory ‘../1rhj/receptor/1rhj_receptor_qkprep_out’: Permission denied
***** POCKET HUNTING ENDS ***** 
***** POCKET HUNTING BEGINS ***** 
mkdir: cannot create directory ‘../1rhk/receptor/1rhk_receptor_out’: Permission denied
***** POCKET HUNTING ENDS ***** 
***** POCKET HUNTING BEGINS ***** 
mkdir: cannot create directory ‘../1rhk/receptor/1rhk_receptor_qkprep_out’: Permission denied
***** POCKET HUNTING ENDS ***** 
***** POCKET HUNTING BEGINS ***** 
mkdir: cannot create directory ‘../1rhm/receptor/1rhm_receptor_out’: Permission denied
***** POCKET HUNTING ENDS ***** 
***** POCKET HUNTING BEGINS ***** 
mkdir: cannot create directory ‘../1rhm/receptor/1rhm_receptor_qkprep_out’: Permission denied
***** POCKET HUNTING ENDS ***** 
***** POCKET HUNTING BEGINS ***** 
mkdir: cannot create directory ‘../1rhq/receptor/1rhq_receptor_out’: Permission denied
***** POCKET HUNTING ENDS ***** 
***** POCKET HUNTING BEGINS ***** 
mkdir: cannot create directory ‘../1rhq/receptor/1rhq_receptor_qkprep_out’: Permission denied
***** POCKET HUNTING ENDS ***** 
***** POCKET HUNTING BEGINS ***** 
mkdir: cannot create directory ‘../1rhr/receptor/1rhr_receptor_out’: Permission denied
***** POCKET HUNTING ENDS ***** 
***** POCKET HUNTING BEGINS ***** 
mkdir: cannot create directory ‘../1rhr/receptor/1rhr_receptor_qkprep_out’: Permission denied
***** POCKET HUNTING ENDS ***** 
***** POCKET HUNTING BEGINS ***** 
mkdir: cannot create directory ‘../1rhu/receptor/1rhu_receptor_out’: Permission denied
***** POCKET HUNTING ENDS ***** 
***** POCKET HUNTING BEGINS ***** 
mkdir: cannot create directory ‘../1rhu/receptor/1rhu_receptor_qkprep_out’: Permission denied
***** POCKET HUNTING ENDS ***** 
***** POCKET HUNTING BEGINS ***** 
mkdir: cannot create directory ‘../1rp4/receptor/1rp4_receptor_out’: Permission denied
***** POCKET HUNTING ENDS ***** 
***** POCKET HUNTING BEGINS ***** 
mkdir: cannot create directory ‘../1rp4/receptor/1rp4_receptor_qkprep_out’: Permission denied
***** POCKET HUNTING ENDS ***** 
***** POCKET HUNTING BEGINS ***** 
mkdir: cannot create directory ‘../1rq1/receptor/1rq1_receptor_out’: Permission denied
***** POCKET HUNTING ENDS ***** 
***** POCKET HUNTING BEGINS ***** 
mkdir: cannot create directory ‘../1rq1/receptor/1rq1_receptor_qkprep_out’: Permission denied
***** POCKET HUNTING ENDS ***** 
***** POCKET HUNTING BEGINS ***** 
mkdir: cannot create directory ‘../1rwk/receptor/1rwk_receptor_out’: Permission denied
***** POCKET HUNTING ENDS ***** 
***** POCKET HUNTING BEGINS ***** 
mkdir: cannot create directory ‘../1rwk/receptor/1rwk_receptor_qkprep_out’: Permission denied
***** POCKET HUNTING ENDS ***** 
***** POCKET HUNTING BEGINS ***** 
mkdir: cannot create directory ‘../1rwm/receptor/1rwm_receptor_out’: Permission denied
***** POCKET HUNTING ENDS ***** 
***** POCKET HUNTING BEGINS ***** 
mkdir: cannot create directory ‘../1rwm/receptor/1rwm_receptor_qkprep_out’: Permission denied
***** POCKET HUNTING ENDS ***** 
***** POCKET HUNTING BEGINS ***** 
mkdir: cannot create directory ‘../1rwn/receptor/1rwn_receptor_out’: Permission denied
***** POCKET HUNTING ENDS ***** 
***** POCKET HUNTING BEGINS ***** 
mkdir: cannot create directory ‘../1rwn/receptor/1rwn_receptor_qkprep_out’: Permission denied
***** POCKET HUNTING ENDS ***** 
***** POCKET HUNTING BEGINS ***** 
mkdir: cannot create directory ‘../1rwo/receptor/1rwo_receptor_out’: Permission denied
***** POCKET HUNTING ENDS ***** 
***** POCKET HUNTING BEGINS ***** 
mkdir: cannot create directory ‘../1rwo/receptor/1rwo_receptor_qkprep_out’: Permission denied
***** POCKET HUNTING ENDS ***** 
***** POCKET HUNTING BEGINS ***** 
mkdir: cannot create directory ‘../1rwp/receptor/1rwp_receptor_out’: Permission denied
***** POCKET HUNTING ENDS ***** 
***** POCKET HUNTING BEGINS ***** 
mkdir: cannot create directory ‘../1rwp/receptor/1rwp_receptor_qkprep_out’: Permission denied
***** POCKET HUNTING ENDS ***** 
***** POCKET HUNTING BEGINS ***** 
mkdir: cannot create directory ‘../1rww/receptor/1rww_receptor_out’: Permission denied
***** POCKET HUNTING ENDS ***** 
***** POCKET HUNTING BEGINS ***** 
mkdir: cannot create directory ‘../1rww/receptor/1rww_receptor_qkprep_out’: Permission denied
***** POCKET HUNTING ENDS ***** 
***** POCKET HUNTING BEGINS ***** 
mkdir: cannot create directory ‘../1rwx/receptor/1rwx_receptor_out’: Permission denied
***** POCKET HUNTING ENDS ***** 
***** POCKET HUNTING BEGINS ***** 
mkdir: cannot create directory ‘../1rwx/receptor/1rwx_receptor_qkprep_out’: Permission denied
***** POCKET HUNTING ENDS ***** 
***** POCKET HUNTING BEGINS ***** 
mkdir: cannot create directory ‘../1rxe/receptor/1rxe_receptor_out’: Permission denied
***** POCKET HUNTING ENDS ***** 
***** POCKET HUNTING BEGINS ***** 
mkdir: cannot create directory ‘../1rxe/receptor/1rxe_receptor_qkprep_out’: Permission denied
***** POCKET HUNTING ENDS ***** 
***** POCKET HUNTING BEGINS ***** 
mkdir: cannot create directory ‘../1s4v/receptor/1s4v_receptor_out’: Permission denied
***** POCKET HUNTING ENDS ***** 
***** POCKET HUNTING BEGINS ***** 
mkdir: cannot create directory ‘../1s4v/receptor/1s4v_receptor_qkprep_out’: Permission denied
***** POCKET HUNTING ENDS ***** 
***** POCKET HUNTING BEGINS ***** 
mkdir: cannot create directory ‘../1shj/receptor/1shj_receptor_out’: Permission denied
***** POCKET HUNTING ENDS ***** 
***** POCKET HUNTING BEGINS ***** 
mkdir: cannot create directory ‘../1shj/receptor/1shj_receptor_qkprep_out’: Permission denied
***** POCKET HUNTING ENDS ***** 
***** POCKET HUNTING BEGINS ***** 
mkdir: cannot create directory ‘../1shl/receptor/1shl_receptor_out’: Permission denied
***** POCKET HUNTING ENDS ***** 
***** POCKET HUNTING BEGINS ***** 
mkdir: cannot create directory ‘../1shl/receptor/1shl_receptor_qkprep_out’: Permission denied
***** POCKET HUNTING ENDS ***** 
***** POCKET HUNTING BEGINS ***** 
mkdir: cannot create directory ‘../1snk/receptor/1snk_receptor_out’: Permission denied
***** POCKET HUNTING ENDS ***** 
***** POCKET HUNTING BEGINS ***** 
mkdir: cannot create directory ‘../1snk/receptor/1snk_receptor_qkprep_out’: Permission denied
***** POCKET HUNTING ENDS ***** 
***** POCKET HUNTING BEGINS ***** 
mkdir: cannot create directory ‘../1td2/receptor/1td2_receptor_out’: Permission denied
***** POCKET HUNTING ENDS ***** 
***** POCKET HUNTING BEGINS ***** 
mkdir: cannot create directory ‘../1td2/receptor/1td2_receptor_qkprep_out’: Permission denied
***** POCKET HUNTING ENDS ***** 
***** POCKET HUNTING BEGINS ***** 
mkdir: cannot create directory ‘../1the/receptor/1the_receptor_out’: Permission denied
***** POCKET HUNTING ENDS ***** 
***** POCKET HUNTING BEGINS ***** 
mkdir: cannot create directory ‘../1the/receptor/1the_receptor_qkprep_out’: Permission denied
***** POCKET HUNTING ENDS ***** 
***** POCKET HUNTING BEGINS ***** 
mkdir: cannot create directory ‘../1tlo/receptor/1tlo_receptor_out’: Permission denied
***** POCKET HUNTING ENDS ***** 
***** POCKET HUNTING BEGINS ***** 
mkdir: cannot create directory ‘../1tlo/receptor/1tlo_receptor_qkprep_out’: Permission denied
***** POCKET HUNTING ENDS ***** 
***** POCKET HUNTING BEGINS ***** 
mkdir: cannot create directory ‘../1tls/receptor/1tls_receptor_out’: Permission denied
***** POCKET HUNTING ENDS ***** 
***** POCKET HUNTING BEGINS ***** 
mkdir: cannot create directory ‘../1tls/receptor/1tls_receptor_qkprep_out’: Permission denied
***** POCKET HUNTING ENDS ***** 
***** POCKET HUNTING BEGINS ***** 
mkdir: cannot create directory ‘../1trg/receptor/1trg_receptor_out’: Permission denied
***** POCKET HUNTING ENDS ***** 
***** POCKET HUNTING BEGINS ***** 
mkdir: cannot create directory ‘../1trg/receptor/1trg_receptor_qkprep_out’: Permission denied
***** POCKET HUNTING ENDS ***** 
***** POCKET HUNTING BEGINS ***** 
mkdir: cannot create directory ‘../1tu6/receptor/1tu6_receptor_out’: Permission denied
***** POCKET HUNTING ENDS ***** 
***** POCKET HUNTING BEGINS ***** 
mkdir: cannot create directory ‘../1tu6/receptor/1tu6_receptor_qkprep_out’: Permission denied
***** POCKET HUNTING ENDS ***** 
***** POCKET HUNTING BEGINS ***** 
mkdir: cannot create directory ‘../1u9v/receptor/1u9v_receptor_out’: Permission denied
***** POCKET HUNTING ENDS ***** 
***** POCKET HUNTING BEGINS ***** 
mkdir: cannot create directory ‘../1u9v/receptor/1u9v_receptor_qkprep_out’: Permission denied
***** POCKET HUNTING ENDS ***** 
***** POCKET HUNTING BEGINS ***** 
mkdir: cannot create directory ‘../1u9w/receptor/1u9w_receptor_out’: Permission denied
***** POCKET HUNTING ENDS ***** 
***** POCKET HUNTING BEGINS ***** 
mkdir: cannot create directory ‘../1u9w/receptor/1u9w_receptor_qkprep_out’: Permission denied
***** POCKET HUNTING ENDS ***** 
***** POCKET HUNTING BEGINS ***** 
mkdir: cannot create directory ‘../1u9x/receptor/1u9x_receptor_out’: Permission denied
***** POCKET HUNTING ENDS ***** 
***** POCKET HUNTING BEGINS ***** 
mkdir: cannot create directory ‘../1u9x/receptor/1u9x_receptor_qkprep_out’: Permission denied
***** POCKET HUNTING ENDS ***** 
***** POCKET HUNTING BEGINS ***** 
mkdir: cannot create directory ‘../1uk4/receptor/1uk4_receptor_out’: Permission denied
***** POCKET HUNTING ENDS ***** 
***** POCKET HUNTING BEGINS ***** 
mkdir: cannot create directory ‘../1uk4/receptor/1uk4_receptor_qkprep_out’: Permission denied
***** POCKET HUNTING ENDS ***** 
***** POCKET HUNTING BEGINS ***** 
mkdir: cannot create directory ‘../1vsn/receptor/1vsn_receptor_out’: Permission denied
***** POCKET HUNTING ENDS ***** 
***** POCKET HUNTING BEGINS ***** 
mkdir: cannot create directory ‘../1vsn/receptor/1vsn_receptor_qkprep_out’: Permission denied
***** POCKET HUNTING ENDS ***** 
***** POCKET HUNTING BEGINS ***** 
mkdir: cannot create directory ‘../1vze/receptor/1vze_receptor_out’: Permission denied
***** POCKET HUNTING ENDS ***** 
***** POCKET HUNTING BEGINS ***** 
mkdir: cannot create directory ‘../1vze/receptor/1vze_receptor_qkprep_out’: Permission denied
***** POCKET HUNTING ENDS ***** 
***** POCKET HUNTING BEGINS ***** 
mkdir: cannot create directory ‘../1w66/receptor/1w66_receptor_out’: Permission denied
***** POCKET HUNTING ENDS ***** 
***** POCKET HUNTING BEGINS ***** 
mkdir: cannot create directory ‘../1w66/receptor/1w66_receptor_qkprep_out’: Permission denied
***** POCKET HUNTING ENDS ***** 
***** POCKET HUNTING BEGINS ***** 
mkdir: cannot create directory ‘../1wof/receptor/1wof_receptor_out’: Permission denied
***** POCKET HUNTING ENDS ***** 
***** POCKET HUNTING BEGINS ***** 
mkdir: cannot create directory ‘../1wof/receptor/1wof_receptor_qkprep_out’: Permission denied
***** POCKET HUNTING ENDS ***** 
***** POCKET HUNTING BEGINS ***** 
mkdir: cannot create directory ‘../1x3z/receptor/1x3z_receptor_out’: Permission denied
***** POCKET HUNTING ENDS ***** 
***** POCKET HUNTING BEGINS ***** 
mkdir: cannot create directory ‘../1x3z/receptor/1x3z_receptor_qkprep_out’: Permission denied
***** POCKET HUNTING ENDS ***** 
***** POCKET HUNTING BEGINS ***** 
mkdir: cannot create directory ‘../1xd3/receptor/1xd3_receptor_out’: Permission denied
***** POCKET HUNTING ENDS ***** 
***** POCKET HUNTING BEGINS ***** 
mkdir: cannot create directory ‘../1xd3/receptor/1xd3_receptor_qkprep_out’: Permission denied
***** POCKET HUNTING ENDS ***** 
***** POCKET HUNTING BEGINS ***** 
mkdir: cannot create directory ‘../1yk7/receptor/1yk7_receptor_out’: Permission denied
***** POCKET HUNTING ENDS ***** 
***** POCKET HUNTING BEGINS ***** 
mkdir: cannot create directory ‘../1yk7/receptor/1yk7_receptor_qkprep_out’: Permission denied
***** POCKET HUNTING ENDS ***** 
***** POCKET HUNTING BEGINS ***** 
mkdir: cannot create directory ‘../1yk8/receptor/1yk8_receptor_out’: Permission denied
***** POCKET HUNTING ENDS ***** 
***** POCKET HUNTING BEGINS ***** 
mkdir: cannot create directory ‘../1yk8/receptor/1yk8_receptor_qkprep_out’: Permission denied
***** POCKET HUNTING ENDS ***** 
***** POCKET HUNTING BEGINS ***** 
mkdir: cannot create directory ‘../1yt7/receptor/1yt7_receptor_out’: Permission denied
***** POCKET HUNTING ENDS ***** 
***** POCKET HUNTING BEGINS ***** 
mkdir: cannot create directory ‘../1yt7/receptor/1yt7_receptor_qkprep_out’: Permission denied
***** POCKET HUNTING ENDS ***** 
***** POCKET HUNTING BEGINS ***** 
mkdir: cannot create directory ‘../1zcm/receptor/1zcm_receptor_out’: Permission denied
***** POCKET HUNTING ENDS ***** 
***** POCKET HUNTING BEGINS ***** 
mkdir: cannot create directory ‘../1zcm/receptor/1zcm_receptor_qkprep_out’: Permission denied
***** POCKET HUNTING ENDS ***** 
***** POCKET HUNTING BEGINS ***** 
mkdir: cannot create directory ‘../1zpr/receptor/1zpr_receptor_out’: Permission denied
***** POCKET HUNTING ENDS ***** 
***** POCKET HUNTING BEGINS ***** 
mkdir: cannot create directory ‘../1zpr/receptor/1zpr_receptor_qkprep_out’: Permission denied
***** POCKET HUNTING ENDS ***** 
***** POCKET HUNTING BEGINS ***** 
mkdir: cannot create directory ‘../2a4t/receptor/2a4t_receptor_out’: Permission denied
***** POCKET HUNTING ENDS ***** 
***** POCKET HUNTING BEGINS ***** 
mkdir: cannot create directory ‘../2a4t/receptor/2a4t_receptor_qkprep_out’: Permission denied
***** POCKET HUNTING ENDS ***** 
***** POCKET HUNTING BEGINS ***** 
mkdir: cannot create directory ‘../2a5i/receptor/2a5i_receptor_out’: Permission denied
***** POCKET HUNTING ENDS ***** 
***** POCKET HUNTING BEGINS ***** 
mkdir: cannot create directory ‘../2a5i/receptor/2a5i_receptor_qkprep_out’: Permission denied
***** POCKET HUNTING ENDS ***** 
***** POCKET HUNTING BEGINS ***** 
mkdir: cannot create directory ‘../2a5k/receptor/2a5k_receptor_out’: Permission denied
***** POCKET HUNTING ENDS ***** 
***** POCKET HUNTING BEGINS ***** 
mkdir: cannot create directory ‘../2a5k/receptor/2a5k_receptor_qkprep_out’: Permission denied
***** POCKET HUNTING ENDS ***** 
***** POCKET HUNTING BEGINS ***** 
mkdir: cannot create directory ‘../2aaz/receptor/2aaz_receptor_out’: Permission denied
***** POCKET HUNTING ENDS ***** 
***** POCKET HUNTING BEGINS ***** 
mkdir: cannot create directory ‘../2aaz/receptor/2aaz_receptor_qkprep_out’: Permission denied
***** POCKET HUNTING ENDS ***** 
***** POCKET HUNTING BEGINS ***** 
mkdir: cannot create directory ‘../2aim/receptor/2aim_receptor_out’: Permission denied
***** POCKET HUNTING ENDS ***** 
***** POCKET HUNTING BEGINS ***** 
mkdir: cannot create directory ‘../2aim/receptor/2aim_receptor_qkprep_out’: Permission denied
***** POCKET HUNTING ENDS ***** 
***** POCKET HUNTING BEGINS ***** 
mkdir: cannot create directory ‘../2alv/receptor/2alv_receptor_out’: Permission denied
***** POCKET HUNTING ENDS ***** 
***** POCKET HUNTING BEGINS ***** 
mkdir: cannot create directory ‘../2alv/receptor/2alv_receptor_qkprep_out’: Permission denied
***** POCKET HUNTING ENDS ***** 
***** POCKET HUNTING BEGINS ***** 
mkdir: cannot create directory ‘../2amd/receptor/2amd_receptor_out’: Permission denied
***** POCKET HUNTING ENDS ***** 
***** POCKET HUNTING BEGINS ***** 
mkdir: cannot create directory ‘../2amd/receptor/2amd_receptor_qkprep_out’: Permission denied
***** POCKET HUNTING ENDS ***** 
***** POCKET HUNTING BEGINS ***** 
mkdir: cannot create directory ‘../2amp/receptor/2amp_receptor_out’: Permission denied
***** POCKET HUNTING ENDS ***** 
***** POCKET HUNTING BEGINS ***** 
mkdir: cannot create directory ‘../2amp/receptor/2amp_receptor_qkprep_out’: Permission denied
***** POCKET HUNTING ENDS ***** 
***** POCKET HUNTING BEGINS ***** 
mkdir: cannot create directory ‘../2aux/receptor/2aux_receptor_out’: Permission denied
***** POCKET HUNTING ENDS ***** 
***** POCKET HUNTING BEGINS ***** 
mkdir: cannot create directory ‘../2aux/receptor/2aux_receptor_qkprep_out’: Permission denied
***** POCKET HUNTING ENDS ***** 
***** POCKET HUNTING BEGINS ***** 
mkdir: cannot create directory ‘../2auz/receptor/2auz_receptor_out’: Permission denied
***** POCKET HUNTING ENDS ***** 
***** POCKET HUNTING BEGINS ***** 
mkdir: cannot create directory ‘../2auz/receptor/2auz_receptor_qkprep_out’: Permission denied
***** POCKET HUNTING ENDS ***** 
***** POCKET HUNTING BEGINS ***** 
mkdir: cannot create directory ‘../2awz/receptor/2awz_receptor_out’: Permission denied
***** POCKET HUNTING ENDS ***** 
***** POCKET HUNTING BEGINS ***** 
mkdir: cannot create directory ‘../2awz/receptor/2awz_receptor_qkprep_out’: Permission denied
***** POCKET HUNTING ENDS ***** 
***** POCKET HUNTING BEGINS ***** 
mkdir: cannot create directory ‘../2ax0/receptor/2ax0_receptor_out’: Permission denied
***** POCKET HUNTING ENDS ***** 
***** POCKET HUNTING BEGINS ***** 
mkdir: cannot create directory ‘../2ax0/receptor/2ax0_receptor_qkprep_out’: Permission denied
***** POCKET HUNTING ENDS ***** 
***** POCKET HUNTING BEGINS ***** 
mkdir: cannot create directory ‘../2ax1/receptor/2ax1_receptor_out’: Permission denied
***** POCKET HUNTING ENDS ***** 
***** POCKET HUNTING BEGINS ***** 
mkdir: cannot create directory ‘../2ax1/receptor/2ax1_receptor_qkprep_out’: Permission denied
***** POCKET HUNTING ENDS ***** 
***** POCKET HUNTING BEGINS ***** 
mkdir: cannot create directory ‘../2b0f/receptor/2b0f_receptor_out’: Permission denied
***** POCKET HUNTING ENDS ***** 
***** POCKET HUNTING BEGINS ***** 
mkdir: cannot create directory ‘../2b0f/receptor/2b0f_receptor_qkprep_out’: Permission denied
***** POCKET HUNTING ENDS ***** 
***** POCKET HUNTING BEGINS ***** 
mkdir: cannot create directory ‘../2bbq/receptor/2bbq_receptor_out’: Permission denied
***** POCKET HUNTING ENDS ***** 
***** POCKET HUNTING BEGINS ***** 
mkdir: cannot create directory ‘../2bbq/receptor/2bbq_receptor_qkprep_out’: Permission denied
***** POCKET HUNTING ENDS ***** 
***** POCKET HUNTING BEGINS ***** 
mkdir: cannot create directory ‘../2bdl/receptor/2bdl_receptor_out’: Permission denied
***** POCKET HUNTING ENDS ***** 
***** POCKET HUNTING BEGINS ***** 
mkdir: cannot create directory ‘../2bdl/receptor/2bdl_receptor_qkprep_out’: Permission denied
***** POCKET HUNTING ENDS ***** 
***** POCKET HUNTING BEGINS ***** 
mkdir: cannot create directory ‘../2bdz/receptor/2bdz_receptor_out’: Permission denied
***** POCKET HUNTING ENDS ***** 
***** POCKET HUNTING BEGINS ***** 
mkdir: cannot create directory ‘../2bdz/receptor/2bdz_receptor_qkprep_out’: Permission denied
***** POCKET HUNTING ENDS ***** 
***** POCKET HUNTING BEGINS ***** 
mkdir: cannot create directory ‘../2c1e/receptor/2c1e_receptor_out’: Permission denied
***** POCKET HUNTING ENDS ***** 
***** POCKET HUNTING BEGINS ***** 
mkdir: cannot create directory ‘../2c1e/receptor/2c1e_receptor_qkprep_out’: Permission denied
***** POCKET HUNTING ENDS ***** 
***** POCKET HUNTING BEGINS ***** 
mkdir: cannot create directory ‘../2c2k/receptor/2c2k_receptor_out’: Permission denied
***** POCKET HUNTING ENDS ***** 
***** POCKET HUNTING BEGINS ***** 
mkdir: cannot create directory ‘../2c2k/receptor/2c2k_receptor_qkprep_out’: Permission denied
***** POCKET HUNTING ENDS ***** 
***** POCKET HUNTING BEGINS ***** 
mkdir: cannot create directory ‘../2c2m/receptor/2c2m_receptor_out’: Permission denied
***** POCKET HUNTING ENDS ***** 
***** POCKET HUNTING BEGINS ***** 
mkdir: cannot create directory ‘../2c2m/receptor/2c2m_receptor_qkprep_out’: Permission denied
***** POCKET HUNTING ENDS ***** 
***** POCKET HUNTING BEGINS ***** 
mkdir: cannot create directory ‘../2c2o/receptor/2c2o_receptor_out’: Permission denied
***** POCKET HUNTING ENDS ***** 
***** POCKET HUNTING BEGINS ***** 
mkdir: cannot create directory ‘../2c2o/receptor/2c2o_receptor_qkprep_out’: Permission denied
***** POCKET HUNTING ENDS ***** 
***** POCKET HUNTING BEGINS ***** 
mkdir: cannot create directory ‘../2c2z/receptor/2c2z_receptor_out’: Permission denied
***** POCKET HUNTING ENDS ***** 
***** POCKET HUNTING BEGINS ***** 
mkdir: cannot create directory ‘../2c2z/receptor/2c2z_receptor_qkprep_out’: Permission denied
***** POCKET HUNTING ENDS ***** 
***** POCKET HUNTING BEGINS ***** 
mkdir: cannot create directory ‘../2c6q/receptor/2c6q_receptor_out’: Permission denied
***** POCKET HUNTING ENDS ***** 
***** POCKET HUNTING BEGINS ***** 
mkdir: cannot create directory ‘../2c6q/receptor/2c6q_receptor_qkprep_out’: Permission denied
***** POCKET HUNTING ENDS ***** 
***** POCKET HUNTING BEGINS ***** 
mkdir: cannot create directory ‘../2cdr/receptor/2cdr_receptor_out’: Permission denied
***** POCKET HUNTING ENDS ***** 
***** POCKET HUNTING BEGINS ***** 
mkdir: cannot create directory ‘../2cdr/receptor/2cdr_receptor_qkprep_out’: Permission denied
***** POCKET HUNTING ENDS ***** 
***** POCKET HUNTING BEGINS ***** 
mkdir: cannot create directory ‘../2ce2/receptor/2ce2_receptor_out’: Permission denied
***** POCKET HUNTING ENDS ***** 
***** POCKET HUNTING BEGINS ***** 
mkdir: cannot create directory ‘../2ce2/receptor/2ce2_receptor_qkprep_out’: Permission denied
***** POCKET HUNTING ENDS ***** 
***** POCKET HUNTING BEGINS ***** 
mkdir: cannot create directory ‘../2cjx/receptor/2cjx_receptor_out’: Permission denied
***** POCKET HUNTING ENDS ***** 
***** POCKET HUNTING BEGINS ***** 
mkdir: cannot create directory ‘../2cjx/receptor/2cjx_receptor_qkprep_out’: Permission denied
***** POCKET HUNTING ENDS ***** 
***** POCKET HUNTING BEGINS ***** 
mkdir: cannot create directory ‘../2cjy/receptor/2cjy_receptor_out’: Permission denied
***** POCKET HUNTING ENDS ***** 
***** POCKET HUNTING BEGINS ***** 
mkdir: cannot create directory ‘../2cjy/receptor/2cjy_receptor_qkprep_out’: Permission denied
***** POCKET HUNTING ENDS ***** 
***** POCKET HUNTING BEGINS ***** 
mkdir: cannot create directory ‘../2cl0/receptor/2cl0_receptor_out’: Permission denied
***** POCKET HUNTING ENDS ***** 
***** POCKET HUNTING BEGINS ***** 
mkdir: cannot create directory ‘../2cl0/receptor/2cl0_receptor_qkprep_out’: Permission denied
***** POCKET HUNTING ENDS ***** 
***** POCKET HUNTING BEGINS ***** 
mkdir: cannot create directory ‘../2cl6/receptor/2cl6_receptor_out’: Permission denied
***** POCKET HUNTING ENDS ***** 
***** POCKET HUNTING BEGINS ***** 
mkdir: cannot create directory ‘../2cl6/receptor/2cl6_receptor_qkprep_out’: Permission denied
***** POCKET HUNTING ENDS ***** 
***** POCKET HUNTING BEGINS ***** 
mkdir: cannot create directory ‘../2cl7/receptor/2cl7_receptor_out’: Permission denied
***** POCKET HUNTING ENDS ***** 
***** POCKET HUNTING BEGINS ***** 
mkdir: cannot create directory ‘../2cl7/receptor/2cl7_receptor_qkprep_out’: Permission denied
***** POCKET HUNTING ENDS ***** 
***** POCKET HUNTING BEGINS ***** 
mkdir: cannot create directory ‘../2clc/receptor/2clc_receptor_out’: Permission denied
***** POCKET HUNTING ENDS ***** 
***** POCKET HUNTING BEGINS ***** 
mkdir: cannot create directory ‘../2clc/receptor/2clc_receptor_qkprep_out’: Permission denied
***** POCKET HUNTING ENDS ***** 
***** POCKET HUNTING BEGINS ***** 
mkdir: cannot create directory ‘../2cnk/receptor/2cnk_receptor_out’: Permission denied
***** POCKET HUNTING ENDS ***** 
***** POCKET HUNTING BEGINS ***** 
mkdir: cannot create directory ‘../2cnk/receptor/2cnk_receptor_qkprep_out’: Permission denied
***** POCKET HUNTING ENDS ***** 
***** POCKET HUNTING BEGINS ***** 
mkdir: cannot create directory ‘../2cnl/receptor/2cnl_receptor_out’: Permission denied
***** POCKET HUNTING ENDS ***** 
***** POCKET HUNTING BEGINS ***** 
mkdir: cannot create directory ‘../2cnl/receptor/2cnl_receptor_qkprep_out’: Permission denied
***** POCKET HUNTING ENDS ***** 
***** POCKET HUNTING BEGINS ***** 
mkdir: cannot create directory ‘../2cnn/receptor/2cnn_receptor_out’: Permission denied
***** POCKET HUNTING ENDS ***** 
***** POCKET HUNTING BEGINS ***** 
mkdir: cannot create directory ‘../2cnn/receptor/2cnn_receptor_qkprep_out’: Permission denied
***** POCKET HUNTING ENDS ***** 
***** POCKET HUNTING BEGINS ***** 
mkdir: cannot create directory ‘../2cno/receptor/2cno_receptor_out’: Permission denied
***** POCKET HUNTING ENDS ***** 
***** POCKET HUNTING BEGINS ***** 
mkdir: cannot create directory ‘../2cno/receptor/2cno_receptor_qkprep_out’: Permission denied
***** POCKET HUNTING ENDS ***** 
***** POCKET HUNTING BEGINS ***** 
mkdir: cannot create directory ‘../2d2d/receptor/2d2d_receptor_out’: Permission denied
***** POCKET HUNTING ENDS ***** 
***** POCKET HUNTING BEGINS ***** 
mkdir: cannot create directory ‘../2d2d/receptor/2d2d_receptor_qkprep_out’: Permission denied
***** POCKET HUNTING ENDS ***** 
***** POCKET HUNTING BEGINS ***** 
mkdir: cannot create directory ‘../2djf/receptor/2djf_receptor_out’: Permission denied
***** POCKET HUNTING ENDS ***** 
***** POCKET HUNTING BEGINS ***** 
mkdir: cannot create directory ‘../2djf/receptor/2djf_receptor_qkprep_out’: Permission denied
***** POCKET HUNTING ENDS ***** 
***** POCKET HUNTING BEGINS ***** 
mkdir: cannot create directory ‘../2dw5/receptor/2dw5_receptor_out’: Permission denied
***** POCKET HUNTING ENDS ***** 
***** POCKET HUNTING BEGINS ***** 
mkdir: cannot create directory ‘../2dw5/receptor/2dw5_receptor_qkprep_out’: Permission denied
***** POCKET HUNTING ENDS ***** 
***** POCKET HUNTING BEGINS ***** 
mkdir: cannot create directory ‘../2eft/receptor/2eft_receptor_out’: Permission denied
***** POCKET HUNTING ENDS ***** 
***** POCKET HUNTING BEGINS ***** 
mkdir: cannot create directory ‘../2eft/receptor/2eft_receptor_qkprep_out’: Permission denied
***** POCKET HUNTING ENDS ***** 
***** POCKET HUNTING BEGINS ***** 
mkdir: cannot create directory ‘../2evw/receptor/2evw_receptor_out’: Permission denied
***** POCKET HUNTING ENDS ***** 
***** POCKET HUNTING BEGINS ***** 
mkdir: cannot create directory ‘../2evw/receptor/2evw_receptor_qkprep_out’: Permission denied
***** POCKET HUNTING ENDS ***** 
***** POCKET HUNTING BEGINS ***** 
mkdir: cannot create directory ‘../2f4o/receptor/2f4o_receptor_out’: Permission denied
***** POCKET HUNTING ENDS ***** 
***** POCKET HUNTING BEGINS ***** 
mkdir: cannot create directory ‘../2f4o/receptor/2f4o_receptor_qkprep_out’: Permission denied
***** POCKET HUNTING ENDS ***** 
***** POCKET HUNTING BEGINS ***** 
mkdir: cannot create directory ‘../2f7d/receptor/2f7d_receptor_out’: Permission denied
***** POCKET HUNTING ENDS ***** 
***** POCKET HUNTING BEGINS ***** 
mkdir: cannot create directory ‘../2f7d/receptor/2f7d_receptor_qkprep_out’: Permission denied
***** POCKET HUNTING ENDS ***** 
***** POCKET HUNTING BEGINS ***** 
mkdir: cannot create directory ‘../2f9a/receptor/2f9a_receptor_out’: Permission denied
***** POCKET HUNTING ENDS ***** 
***** POCKET HUNTING BEGINS ***** 
mkdir: cannot create directory ‘../2f9a/receptor/2f9a_receptor_qkprep_out’: Permission denied
***** POCKET HUNTING ENDS ***** 
***** POCKET HUNTING BEGINS ***** 
mkdir: cannot create directory ‘../2fqq/receptor/2fqq_receptor_out’: Permission denied
***** POCKET HUNTING ENDS ***** 
***** POCKET HUNTING BEGINS ***** 
mkdir: cannot create directory ‘../2fqq/receptor/2fqq_receptor_qkprep_out’: Permission denied
***** POCKET HUNTING ENDS ***** 
***** POCKET HUNTING BEGINS ***** 
mkdir: cannot create directory ‘../2ftd/receptor/2ftd_receptor_out’: Permission denied
***** POCKET HUNTING ENDS ***** 
***** POCKET HUNTING BEGINS ***** 
mkdir: cannot create directory ‘../2ftd/receptor/2ftd_receptor_qkprep_out’: Permission denied
***** POCKET HUNTING ENDS ***** 
***** POCKET HUNTING BEGINS ***** 
mkdir: cannot create directory ‘../2g8e/receptor/2g8e_receptor_out’: Permission denied
***** POCKET HUNTING ENDS ***** 
***** POCKET HUNTING BEGINS ***** 
mkdir: cannot create directory ‘../2g8e/receptor/2g8e_receptor_qkprep_out’: Permission denied
***** POCKET HUNTING ENDS ***** 
***** POCKET HUNTING BEGINS ***** 
mkdir: cannot create directory ‘../2g8j/receptor/2g8j_receptor_out’: Permission denied
***** POCKET HUNTING ENDS ***** 
***** POCKET HUNTING BEGINS ***** 
mkdir: cannot create directory ‘../2g8j/receptor/2g8j_receptor_qkprep_out’: Permission denied
***** POCKET HUNTING ENDS ***** 
***** POCKET HUNTING BEGINS ***** 
mkdir: cannot create directory ‘../2gh5/receptor/2gh5_receptor_out’: Permission denied
***** POCKET HUNTING ENDS ***** 
***** POCKET HUNTING BEGINS ***** 
mkdir: cannot create directory ‘../2gh5/receptor/2gh5_receptor_qkprep_out’: Permission denied
***** POCKET HUNTING ENDS ***** 
***** POCKET HUNTING BEGINS ***** 
mkdir: cannot create directory ‘../2gke/receptor/2gke_receptor_out’: Permission denied
***** POCKET HUNTING ENDS ***** 
***** POCKET HUNTING BEGINS ***** 
mkdir: cannot create directory ‘../2gke/receptor/2gke_receptor_qkprep_out’: Permission denied
***** POCKET HUNTING ENDS ***** 
***** POCKET HUNTING BEGINS ***** 
mkdir: cannot create directory ‘../2gkj/receptor/2gkj_receptor_out’: Permission denied
***** POCKET HUNTING ENDS ***** 
***** POCKET HUNTING BEGINS ***** 
mkdir: cannot create directory ‘../2gkj/receptor/2gkj_receptor_qkprep_out’: Permission denied
***** POCKET HUNTING ENDS ***** 
***** POCKET HUNTING BEGINS ***** 
mkdir: cannot create directory ‘../2gtb/receptor/2gtb_receptor_out’: Permission denied
***** POCKET HUNTING ENDS ***** 
***** POCKET HUNTING BEGINS ***** 
mkdir: cannot create directory ‘../2gtb/receptor/2gtb_receptor_qkprep_out’: Permission denied
***** POCKET HUNTING ENDS ***** 
***** POCKET HUNTING BEGINS ***** 
mkdir: cannot create directory ‘../2gx4/receptor/2gx4_receptor_out’: Permission denied
***** POCKET HUNTING ENDS ***** 
***** POCKET HUNTING BEGINS ***** 
mkdir: cannot create directory ‘../2gx4/receptor/2gx4_receptor_qkprep_out’: Permission denied
***** POCKET HUNTING ENDS ***** 
***** POCKET HUNTING BEGINS ***** 
mkdir: cannot create directory ‘../2gyo/receptor/2gyo_receptor_out’: Permission denied
***** POCKET HUNTING ENDS ***** 
***** POCKET HUNTING BEGINS ***** 
mkdir: cannot create directory ‘../2gyo/receptor/2gyo_receptor_qkprep_out’: Permission denied
***** POCKET HUNTING ENDS ***** 
***** POCKET HUNTING BEGINS ***** 
mkdir: cannot create directory ‘../2gz3/receptor/2gz3_receptor_out’: Permission denied
***** POCKET HUNTING ENDS ***** 
***** POCKET HUNTING BEGINS ***** 
mkdir: cannot create directory ‘../2gz3/receptor/2gz3_receptor_qkprep_out’: Permission denied
***** POCKET HUNTING ENDS ***** 
***** POCKET HUNTING BEGINS ***** 
mkdir: cannot create directory ‘../2h48/receptor/2h48_receptor_out’: Permission denied
***** POCKET HUNTING ENDS ***** 
***** POCKET HUNTING BEGINS ***** 
mkdir: cannot create directory ‘../2h48/receptor/2h48_receptor_qkprep_out’: Permission denied
***** POCKET HUNTING ENDS ***** 
***** POCKET HUNTING BEGINS ***** 
mkdir: cannot create directory ‘../2h4w/receptor/2h4w_receptor_out’: Permission denied
***** POCKET HUNTING ENDS ***** 
***** POCKET HUNTING BEGINS ***** 
mkdir: cannot create directory ‘../2h4w/receptor/2h4w_receptor_qkprep_out’: Permission denied
***** POCKET HUNTING ENDS ***** 
***** POCKET HUNTING BEGINS ***** 
mkdir: cannot create directory ‘../2h4y/receptor/2h4y_receptor_out’: Permission denied
***** POCKET HUNTING ENDS ***** 
***** POCKET HUNTING BEGINS ***** 
mkdir: cannot create directory ‘../2h4y/receptor/2h4y_receptor_qkprep_out’: Permission denied
***** POCKET HUNTING ENDS ***** 
***** POCKET HUNTING BEGINS ***** 
mkdir: cannot create directory ‘../2h51/receptor/2h51_receptor_out’: Permission denied
***** POCKET HUNTING ENDS ***** 
***** POCKET HUNTING BEGINS ***** 
mkdir: cannot create directory ‘../2h51/receptor/2h51_receptor_qkprep_out’: Permission denied
***** POCKET HUNTING ENDS ***** 
***** POCKET HUNTING BEGINS ***** 
mkdir: cannot create directory ‘../2h54/receptor/2h54_receptor_out’: Permission denied
***** POCKET HUNTING ENDS ***** 
***** POCKET HUNTING BEGINS ***** 
mkdir: cannot create directory ‘../2h54/receptor/2h54_receptor_qkprep_out’: Permission denied
***** POCKET HUNTING ENDS ***** 
***** POCKET HUNTING BEGINS ***** 
mkdir: cannot create directory ‘../2h5i/receptor/2h5i_receptor_out’: Permission denied
***** POCKET HUNTING ENDS ***** 
***** POCKET HUNTING BEGINS ***** 
mkdir: cannot create directory ‘../2h5i/receptor/2h5i_receptor_qkprep_out’: Permission denied
***** POCKET HUNTING ENDS ***** 
***** POCKET HUNTING BEGINS ***** 
mkdir: cannot create directory ‘../2h5j/receptor/2h5j_receptor_out’: Permission denied
***** POCKET HUNTING ENDS ***** 
***** POCKET HUNTING BEGINS ***** 
mkdir: cannot create directory ‘../2h5j/receptor/2h5j_receptor_qkprep_out’: Permission denied
***** POCKET HUNTING ENDS ***** 
***** POCKET HUNTING BEGINS ***** 
mkdir: cannot create directory ‘../2h65/receptor/2h65_receptor_out’: Permission denied
***** POCKET HUNTING ENDS ***** 
***** POCKET HUNTING BEGINS ***** 
mkdir: cannot create directory ‘../2h65/receptor/2h65_receptor_qkprep_out’: Permission denied
***** POCKET HUNTING ENDS ***** 
***** POCKET HUNTING BEGINS ***** 
mkdir: cannot create directory ‘../2h6m/receptor/2h6m_receptor_out’: Permission denied
***** POCKET HUNTING ENDS ***** 
***** POCKET HUNTING BEGINS ***** 
mkdir: cannot create directory ‘../2h6m/receptor/2h6m_receptor_qkprep_out’: Permission denied
***** POCKET HUNTING ENDS ***** 
***** POCKET HUNTING BEGINS ***** 
mkdir: cannot create directory ‘../2h9h/receptor/2h9h_receptor_out’: Permission denied
***** POCKET HUNTING ENDS ***** 
***** POCKET HUNTING BEGINS ***** 
mkdir: cannot create directory ‘../2h9h/receptor/2h9h_receptor_qkprep_out’: Permission denied
***** POCKET HUNTING ENDS ***** 
***** POCKET HUNTING BEGINS ***** 
mkdir: cannot create directory ‘../2hal/receptor/2hal_receptor_out’: Permission denied
***** POCKET HUNTING ENDS ***** 
***** POCKET HUNTING BEGINS ***** 
mkdir: cannot create directory ‘../2hal/receptor/2hal_receptor_qkprep_out’: Permission denied
***** POCKET HUNTING ENDS ***** 
***** POCKET HUNTING BEGINS ***** 
mkdir: cannot create directory ‘../2hbq/receptor/2hbq_receptor_out’: Permission denied
***** POCKET HUNTING ENDS ***** 
***** POCKET HUNTING BEGINS ***** 
mkdir: cannot create directory ‘../2hbq/receptor/2hbq_receptor_qkprep_out’: Permission denied
***** POCKET HUNTING ENDS ***** 
***** POCKET HUNTING BEGINS ***** 
mkdir: cannot create directory ‘../2hbr/receptor/2hbr_receptor_out’: Permission denied
***** POCKET HUNTING ENDS ***** 
***** POCKET HUNTING BEGINS ***** 
mkdir: cannot create directory ‘../2hbr/receptor/2hbr_receptor_qkprep_out’: Permission denied
***** POCKET HUNTING ENDS ***** 
***** POCKET HUNTING BEGINS ***** 
mkdir: cannot create directory ‘../2hby/receptor/2hby_receptor_out’: Permission denied
***** POCKET HUNTING ENDS ***** 
***** POCKET HUNTING BEGINS ***** 
mkdir: cannot create directory ‘../2hby/receptor/2hby_receptor_qkprep_out’: Permission denied
***** POCKET HUNTING ENDS ***** 
***** POCKET HUNTING BEGINS ***** 
mkdir: cannot create directory ‘../2hbz/receptor/2hbz_receptor_out’: Permission denied
***** POCKET HUNTING ENDS ***** 
***** POCKET HUNTING BEGINS ***** 
mkdir: cannot create directory ‘../2hbz/receptor/2hbz_receptor_qkprep_out’: Permission denied
***** POCKET HUNTING ENDS ***** 
***** POCKET HUNTING BEGINS ***** 
mkdir: cannot create directory ‘../2hob/receptor/2hob_receptor_out’: Permission denied
***** POCKET HUNTING ENDS ***** 
***** POCKET HUNTING BEGINS ***** 
mkdir: cannot create directory ‘../2hob/receptor/2hob_receptor_qkprep_out’: Permission denied
***** POCKET HUNTING ENDS ***** 
***** POCKET HUNTING BEGINS ***** 
mkdir: cannot create directory ‘../2hwo/receptor/2hwo_receptor_out’: Permission denied
***** POCKET HUNTING ENDS ***** 
***** POCKET HUNTING BEGINS ***** 
mkdir: cannot create directory ‘../2hwo/receptor/2hwo_receptor_qkprep_out’: Permission denied
***** POCKET HUNTING ENDS ***** 
***** POCKET HUNTING BEGINS ***** 
mkdir: cannot create directory ‘../2hwp/receptor/2hwp_receptor_out’: Permission denied
***** POCKET HUNTING ENDS ***** 
***** POCKET HUNTING BEGINS ***** 
mkdir: cannot create directory ‘../2hwp/receptor/2hwp_receptor_qkprep_out’: Permission denied
***** POCKET HUNTING ENDS ***** 
***** POCKET HUNTING BEGINS ***** 
mkdir: cannot create directory ‘../2hxz/receptor/2hxz_receptor_out’: Permission denied
***** POCKET HUNTING ENDS ***** 
***** POCKET HUNTING BEGINS ***** 
mkdir: cannot create directory ‘../2hxz/receptor/2hxz_receptor_qkprep_out’: Permission denied
***** POCKET HUNTING ENDS ***** 
***** POCKET HUNTING BEGINS ***** 
mkdir: cannot create directory ‘../2ie3/receptor/2ie3_receptor_out’: Permission denied
***** POCKET HUNTING ENDS ***** 
***** POCKET HUNTING BEGINS ***** 
mkdir: cannot create directory ‘../2ie3/receptor/2ie3_receptor_qkprep_out’: Permission denied
***** POCKET HUNTING ENDS ***** 
***** POCKET HUNTING BEGINS ***** 
mkdir: cannot create directory ‘../2ijn/receptor/2ijn_receptor_out’: Permission denied
***** POCKET HUNTING ENDS ***** 
***** POCKET HUNTING BEGINS ***** 
mkdir: cannot create directory ‘../2ijn/receptor/2ijn_receptor_qkprep_out’: Permission denied
***** POCKET HUNTING ENDS ***** 
***** POCKET HUNTING BEGINS ***** 
mkdir: cannot create directory ‘../2iph/receptor/2iph_receptor_out’: Permission denied
***** POCKET HUNTING ENDS ***** 
***** POCKET HUNTING BEGINS ***** 
mkdir: cannot create directory ‘../2iph/receptor/2iph_receptor_qkprep_out’: Permission denied
***** POCKET HUNTING ENDS ***** 
***** POCKET HUNTING BEGINS ***** 
mkdir: cannot create directory ‘../2j5f/receptor/2j5f_receptor_out’: Permission denied
***** POCKET HUNTING ENDS ***** 
***** POCKET HUNTING BEGINS ***** 
mkdir: cannot create directory ‘../2j5f/receptor/2j5f_receptor_qkprep_out’: Permission denied
***** POCKET HUNTING ENDS ***** 
***** POCKET HUNTING BEGINS ***** 
mkdir: cannot create directory ‘../2j6h/receptor/2j6h_receptor_out’: Permission denied
***** POCKET HUNTING ENDS ***** 
***** POCKET HUNTING BEGINS ***** 
mkdir: cannot create directory ‘../2j6h/receptor/2j6h_receptor_qkprep_out’: Permission denied
***** POCKET HUNTING ENDS ***** 
***** POCKET HUNTING BEGINS ***** 
mkdir: cannot create directory ‘../2j7q/receptor/2j7q_receptor_out’: Permission denied
***** POCKET HUNTING ENDS ***** 
***** POCKET HUNTING BEGINS ***** 
mkdir: cannot create directory ‘../2j7q/receptor/2j7q_receptor_qkprep_out’: Permission denied
***** POCKET HUNTING ENDS ***** 
***** POCKET HUNTING BEGINS ***** 
mkdir: cannot create directory ‘../2jiv/receptor/2jiv_receptor_out’: Permission denied
***** POCKET HUNTING ENDS ***** 
***** POCKET HUNTING BEGINS ***** 
mkdir: cannot create directory ‘../2jiv/receptor/2jiv_receptor_qkprep_out’: Permission denied
***** POCKET HUNTING ENDS ***** 
***** POCKET HUNTING BEGINS ***** 
mkdir: cannot create directory ‘../2ju4/receptor/2ju4_receptor_out’: Permission denied
***** POCKET HUNTING ENDS ***** 
***** POCKET HUNTING BEGINS ***** 
mkdir: cannot create directory ‘../2ju4/receptor/2ju4_receptor_qkprep_out’: Permission denied
***** POCKET HUNTING ENDS ***** 
***** POCKET HUNTING BEGINS ***** 
mkdir: cannot create directory ‘../2kce/receptor/2kce_receptor_out’: Permission denied
***** POCKET HUNTING ENDS ***** 
***** POCKET HUNTING BEGINS ***** 
mkdir: cannot create directory ‘../2kce/receptor/2kce_receptor_qkprep_out’: Permission denied
***** POCKET HUNTING ENDS ***** 
***** POCKET HUNTING BEGINS ***** 
mkdir: cannot create directory ‘../2kid/receptor/2kid_receptor_out’: Permission denied
***** POCKET HUNTING ENDS ***** 
***** POCKET HUNTING BEGINS ***** 
mkdir: cannot create directory ‘../2kid/receptor/2kid_receptor_qkprep_out’: Permission denied
***** POCKET HUNTING ENDS ***** 
***** POCKET HUNTING BEGINS ***** 
mkdir: cannot create directory ‘../2lp8/receptor/2lp8_receptor_out’: Permission denied
***** POCKET HUNTING ENDS ***** 
***** POCKET HUNTING BEGINS ***** 
mkdir: cannot create directory ‘../2lp8/receptor/2lp8_receptor_qkprep_out’: Permission denied
***** POCKET HUNTING ENDS ***** 
***** POCKET HUNTING BEGINS ***** 
mkdir: cannot create directory ‘../2m0z/receptor/2m0z_receptor_out’: Permission denied
***** POCKET HUNTING ENDS ***** 
***** POCKET HUNTING BEGINS ***** 
mkdir: cannot create directory ‘../2m0z/receptor/2m0z_receptor_qkprep_out’: Permission denied
***** POCKET HUNTING ENDS ***** 
***** POCKET HUNTING BEGINS ***** 
mkdir: cannot create directory ‘../2m10/receptor/2m10_receptor_out’: Permission denied
***** POCKET HUNTING ENDS ***** 
***** POCKET HUNTING BEGINS ***** 
mkdir: cannot create directory ‘../2m10/receptor/2m10_receptor_qkprep_out’: Permission denied
***** POCKET HUNTING ENDS ***** 
***** POCKET HUNTING BEGINS ***** 
mkdir: cannot create directory ‘../2mlm/receptor/2mlm_receptor_out’: Permission denied
***** POCKET HUNTING ENDS ***** 
***** POCKET HUNTING BEGINS ***** 
mkdir: cannot create directory ‘../2mlm/receptor/2mlm_receptor_qkprep_out’: Permission denied
***** POCKET HUNTING ENDS ***** 
***** POCKET HUNTING BEGINS ***** 
mkdir: cannot create directory ‘../2npp/receptor/2npp_receptor_out’: Permission denied
***** POCKET HUNTING ENDS ***** 
***** POCKET HUNTING BEGINS ***** 
mkdir: cannot create directory ‘../2npp/receptor/2npp_receptor_qkprep_out’: Permission denied
***** POCKET HUNTING ENDS ***** 
***** POCKET HUNTING BEGINS ***** 
mkdir: cannot create directory ‘../2nqg/receptor/2nqg_receptor_out’: Permission denied
***** POCKET HUNTING ENDS ***** 
***** POCKET HUNTING BEGINS ***** 
mkdir: cannot create directory ‘../2nqg/receptor/2nqg_receptor_qkprep_out’: Permission denied
***** POCKET HUNTING ENDS ***** 
***** POCKET HUNTING BEGINS ***** 
mkdir: cannot create directory ‘../2nqi/receptor/2nqi_receptor_out’: Permission denied
***** POCKET HUNTING ENDS ***** 
***** POCKET HUNTING BEGINS ***** 
mkdir: cannot create directory ‘../2nqi/receptor/2nqi_receptor_qkprep_out’: Permission denied
***** POCKET HUNTING ENDS ***** 
***** POCKET HUNTING BEGINS ***** 
mkdir: cannot create directory ‘../2ntg/receptor/2ntg_receptor_out’: Permission denied
***** POCKET HUNTING ENDS ***** 
***** POCKET HUNTING BEGINS ***** 
mkdir: cannot create directory ‘../2ntg/receptor/2ntg_receptor_qkprep_out’: Permission denied
***** POCKET HUNTING ENDS ***** 
***** POCKET HUNTING BEGINS ***** 
mkdir: cannot create directory ‘../2nyl/receptor/2nyl_receptor_out’: Permission denied
***** POCKET HUNTING ENDS ***** 
***** POCKET HUNTING BEGINS ***** 
mkdir: cannot create directory ‘../2nyl/receptor/2nyl_receptor_qkprep_out’: Permission denied
***** POCKET HUNTING ENDS ***** 
***** POCKET HUNTING BEGINS ***** 
mkdir: cannot create directory ‘../2nym/receptor/2nym_receptor_out’: Permission denied
***** POCKET HUNTING ENDS ***** 
***** POCKET HUNTING BEGINS ***** 
mkdir: cannot create directory ‘../2o99/receptor/2o99_receptor_out’: Permission denied
***** POCKET HUNTING ENDS ***** 
***** POCKET HUNTING BEGINS ***** 
mkdir: cannot create directory ‘../2o9a/receptor/2o9a_receptor_out’: Permission denied
***** POCKET HUNTING ENDS ***** 
***** POCKET HUNTING BEGINS ***** 
mkdir: cannot create directory ‘../2op3/receptor/2op3_receptor_out’: Permission denied
***** POCKET HUNTING ENDS ***** 
***** POCKET HUNTING BEGINS ***** 
mkdir: cannot create directory ‘../2op9/receptor/2op9_receptor_out’: Permission denied
***** POCKET HUNTING ENDS ***** 
***** POCKET HUNTING BEGINS ***** 
mkdir: cannot create directory ‘../2oz2/receptor/2oz2_receptor_out’: Permission denied
***** POCKET HUNTING ENDS ***** 
***** POCKET HUNTING BEGINS ***** 
mkdir: cannot create directory ‘../2p7u/receptor/2p7u_receptor_out’: Permission denied
***** POCKET HUNTING ENDS ***** 
***** POCKET HUNTING BEGINS ***** 
mkdir: cannot create directory ‘../2puo/receptor/2puo_receptor_out’: Permission denied
***** POCKET HUNTING ENDS ***** 
***** POCKET HUNTING BEGINS ***** 
mkdir: cannot create directory ‘../2q3z/receptor/2q3z_receptor_out’: Permission denied
***** POCKET HUNTING ENDS ***** 
***** POCKET HUNTING BEGINS ***** 
mkdir: cannot create directory ‘../2ql5/receptor/2ql5_receptor_out’: Permission denied
***** POCKET HUNTING ENDS ***** 
***** POCKET HUNTING BEGINS ***** 
mkdir: cannot create directory ‘../2ql7/receptor/2ql7_receptor_out’: Permission denied
***** POCKET HUNTING ENDS ***** 
***** POCKET HUNTING BEGINS ***** 
mkdir: cannot create directory ‘../2ql9/receptor/2ql9_receptor_out’: Permission denied
***** POCKET HUNTING ENDS ***** 
***** POCKET HUNTING BEGINS ***** 
mkdir: cannot create directory ‘../2qlb/receptor/2qlb_receptor_out’: Permission denied
***** POCKET HUNTING ENDS ***** 
***** POCKET HUNTING BEGINS ***** 
mkdir: cannot create directory ‘../2qlf/receptor/2qlf_receptor_out’: Permission denied
***** POCKET HUNTING ENDS ***** 
***** POCKET HUNTING BEGINS ***** 
mkdir: cannot create directory ‘../2qlj/receptor/2qlj_receptor_out’: Permission denied
***** POCKET HUNTING ENDS ***** 
***** POCKET HUNTING BEGINS ***** 
mkdir: cannot create directory ‘../2qlq/receptor/2qlq_receptor_out’: Permission denied
***** POCKET HUNTING ENDS ***** 
***** POCKET HUNTING BEGINS ***** 
mkdir: cannot create directory ‘../2qnx/receptor/2qnx_receptor_out’: Permission denied
***** POCKET HUNTING ENDS ***** 
***** POCKET HUNTING BEGINS ***** 
mkdir: cannot create directory ‘../2qny/receptor/2qny_receptor_out’: Permission denied
***** POCKET HUNTING ENDS ***** 
***** POCKET HUNTING BEGINS ***** 
mkdir: cannot create directory ‘../2qnz/receptor/2qnz_receptor_out’: Permission denied
***** POCKET HUNTING ENDS ***** 
***** POCKET HUNTING BEGINS ***** 
mkdir: cannot create directory ‘../2qo0/receptor/2qo0_receptor_out’: Permission denied
***** POCKET HUNTING ENDS ***** 
***** POCKET HUNTING BEGINS ***** 
mkdir: cannot create directory ‘../2qo1/receptor/2qo1_receptor_out’: Permission denied
***** POCKET HUNTING ENDS ***** 
***** POCKET HUNTING BEGINS ***** 
mkdir: cannot create directory ‘../2qo3/receptor/2qo3_receptor_out’: Permission denied
***** POCKET HUNTING ENDS ***** 
***** POCKET HUNTING BEGINS ***** 
mkdir: cannot create directory ‘../2qq7/receptor/2qq7_receptor_out’: Permission denied
***** POCKET HUNTING ENDS ***** 
***** POCKET HUNTING BEGINS ***** 
mkdir: cannot create directory ‘../2qx1/receptor/2qx1_receptor_out’: Permission denied
***** POCKET HUNTING ENDS ***** 
***** POCKET HUNTING BEGINS ***** 
mkdir: cannot create directory ‘../2r4b/receptor/2r4b_receptor_out’: Permission denied
***** POCKET HUNTING ENDS ***** 
***** POCKET HUNTING BEGINS ***** 
mkdir: cannot create directory ‘../2r6n/receptor/2r6n_receptor_out’: Permission denied
***** POCKET HUNTING ENDS ***** 
***** POCKET HUNTING BEGINS ***** 
mkdir: cannot create directory ‘../2r9f/receptor/2r9f_receptor_out’: Permission denied
***** POCKET HUNTING ENDS ***** 
***** POCKET HUNTING BEGINS ***** 
mkdir: cannot create directory ‘../2rl2/receptor/2rl2_receptor_out’: Permission denied
***** POCKET HUNTING ENDS ***** 
***** POCKET HUNTING BEGINS ***** 
mkdir: cannot create directory ‘../2rui/receptor/2rui_receptor_out’: Permission denied
***** POCKET HUNTING ENDS ***** 
***** POCKET HUNTING BEGINS ***** 
mkdir: cannot create directory ‘../2tsc/receptor/2tsc_receptor_out’: Permission denied
***** POCKET HUNTING ENDS ***** 
***** POCKET HUNTING BEGINS ***** 
mkdir: cannot create directory ‘../2uzj/receptor/2uzj_receptor_out’: Permission denied
***** POCKET HUNTING ENDS ***** 
***** POCKET HUNTING BEGINS ***** 
mkdir: cannot create directory ‘../2v6n/receptor/2v6n_receptor_out’: Permission denied
***** POCKET HUNTING ENDS ***** 
***** POCKET HUNTING BEGINS ***** 
mkdir: cannot create directory ‘../2vf0/receptor/2vf0_receptor_out’: Permission denied
***** POCKET HUNTING ENDS ***** 
***** POCKET HUNTING BEGINS ***** 
mkdir: cannot create directory ‘../2vjy/receptor/2vjy_receptor_out’: Permission denied
***** POCKET HUNTING ENDS ***** 
***** POCKET HUNTING BEGINS ***** 
